#
# A fatal error has been detected by the Java Runtime Environment:
#
#  Internal Error (safepoint.cpp:848), pid=2056, tid=0x00000000000005c4
#  fatal error: Illegal threadstate encountered: 4
#
# JRE version: OpenJDK Runtime Environment (8.0_312-b07) (build 1.8.0_312-b07)
# Java VM: OpenJDK 64-Bit Server VM (25.312-b07 mixed mode windows-amd64 compressed oops)
# Failed to write core dump. Minidumps are not enabled by default on client versions of Windows
#
# If you would like to submit a bug report, please visit:
#   https://github.com/adoptium/adoptium-support/issues
# The crash happened outside the Java Virtual Machine in native code.
# See problematic frame for where to report the bug.
#

---------------  T H R E A D  ---------------

Current thread (0x00000231783fb800):  JavaThread "Finalizer" daemon [_thread_in_native, id=1476, stack(0x000000528aa00000,0x000000528ab00000)]

Stack: [0x000000528aa00000,0x000000528ab00000]
[error occurred during error reporting (printing stack bounds), id 0xc0000005]

Native frames: (J=compiled Java code, j=interpreted, Vv=VM code, C=native code)

Java frames: (J=compiled Java code, j=interpreted, Vv=VM code)
j  com.google.ortools.constraintsolver.mainJNI.delete_RoutingModel(J)V+0
j  com.google.ortools.constraintsolver.RoutingModel.delete()V+25
j  com.google.ortools.constraintsolver.RoutingModel.finalize()V+1
J 2028 C1 java.lang.ref.Finalizer.runFinalizer(Lsun/misc/JavaLangAccess;)V (62 bytes) @ 0x00000231005dafc4 [0x00000231005dadc0+0x204]
J 2027 C1 java.lang.ref.Finalizer.access$100(Ljava/lang/ref/Finalizer;Lsun/misc/JavaLangAccess;)V (6 bytes) @ 0x00000231005d8434 [0x00000231005d8420+0x14]
j  java.lang.ref.Finalizer$FinalizerThread.run()V+45
v  ~StubRoutines::call_stub

---------------  P R O C E S S  ---------------

Java Threads: ( => current thread )
  0x000002317ee56800 JavaThread "HikariPool-1 connection adder" daemon [_thread_blocked, id=13376, stack(0x0000005289800000,0x0000005289900000)]
  0x000002317ee5d000 JavaThread "HikariPool-1 connection closer" daemon [_thread_blocked, id=19748, stack(0x0000005289700000,0x0000005289800000)]
  0x000002317ee55000 JavaThread "System Clock" daemon [_thread_blocked, id=29292, stack(0x000000528d500000,0x000000528d600000)]
  0x000002317ee5b800 JavaThread "DestroyJavaVM" [_thread_blocked, id=25488, stack(0x0000005289a00000,0x0000005289b00000)]
  0x000002317ee58000 JavaThread "http-nio-8085-Acceptor" daemon [_thread_in_native, id=26332, stack(0x000000528d400000,0x000000528d500000)]
  0x000002317ee5a800 JavaThread "http-nio-8085-ClientPoller" daemon [_thread_in_native, id=30124, stack(0x000000528d300000,0x000000528d400000)]
  0x000002317ee59000 JavaThread "http-nio-8085-exec-10" daemon [_thread_blocked, id=30200, stack(0x000000528d200000,0x000000528d300000)]
  0x000002317ee56000 JavaThread "http-nio-8085-exec-9" daemon [_thread_blocked, id=28264, stack(0x000000528d100000,0x000000528d200000)]
  0x000002317ee54000 JavaThread "http-nio-8085-exec-8" daemon [_thread_blocked, id=31076, stack(0x000000528d000000,0x000000528d100000)]
  0x000002317ee59800 JavaThread "http-nio-8085-exec-7" daemon [_thread_blocked, id=19568, stack(0x000000528cf00000,0x000000528d000000)]
  0x000002317a2b5000 JavaThread "http-nio-8085-exec-6" daemon [_thread_blocked, id=19348, stack(0x000000528ce00000,0x000000528cf00000)]
  0x000002317a2b6800 JavaThread "http-nio-8085-exec-5" daemon [_thread_blocked, id=5988, stack(0x000000528cd00000,0x000000528ce00000)]
  0x000002317a2bb800 JavaThread "http-nio-8085-exec-4" daemon [_thread_blocked, id=24468, stack(0x000000528cc00000,0x000000528cd00000)]
  0x000002317a2b4000 JavaThread "http-nio-8085-exec-3" daemon [_thread_in_native_trans, id=18732, stack(0x000000528cb00000,0x000000528cc00000)]
  0x000002317a2b9000 JavaThread "http-nio-8085-exec-2" daemon [_thread_blocked, id=29356, stack(0x000000528ca00000,0x000000528cb00000)]
  0x000002317a2b8000 JavaThread "http-nio-8085-exec-1" daemon [_thread_blocked, id=2364, stack(0x000000528c900000,0x000000528ca00000)]
  0x000002317a2b7800 JavaThread "http-nio-8085-BlockPoller" daemon [_thread_in_native, id=17516, stack(0x000000528c800000,0x000000528c900000)]
  0x000002317a2b6000 JavaThread "HikariPool-1 housekeeper" daemon [_thread_blocked, id=16412, stack(0x000000528c600000,0x000000528c700000)]
  0x000002317a2b9800 JavaThread "mysql-cj-abandoned-connection-cleanup" daemon [_thread_blocked, id=7680, stack(0x000000528c500000,0x000000528c600000)]
  0x000002317cd32800 JavaThread "cluster-rtt-ClusterId{value='6199af7b33ca7d7d6d89851f', description='null'}-127.0.0.1:27017" daemon [_thread_blocked, id=30144, stack(0x000000528c300000,0x000000528c400000)]
  0x000002317cd0b800 JavaThread "cluster-ClusterId{value='6199af7b33ca7d7d6d89851f', description='null'}-127.0.0.1:27017" daemon [_thread_in_native, id=20196, stack(0x000000528c200000,0x000000528c300000)]
  0x000002317cc69000 JavaThread "container-0" [_thread_blocked, id=25708, stack(0x000000528c100000,0x000000528c200000)]
  0x000002317cc68800 JavaThread "Catalina-utility-2" [_thread_blocked, id=22228, stack(0x000000528c000000,0x000000528c100000)]
  0x000002317ccb6800 JavaThread "Catalina-utility-1" [_thread_blocked, id=28176, stack(0x000000528bf00000,0x000000528c000000)]
  0x000002317a435800 JavaThread "RMI Scheduler(0)" daemon [_thread_blocked, id=31428, stack(0x000000528be00000,0x000000528bf00000)]
  0x000002317b857800 JavaThread "RMI TCP Accept-0" daemon [_thread_in_native, id=13540, stack(0x000000528bb00000,0x000000528bc00000)]
  0x000002317b5c1800 JavaThread "Service Thread" daemon [_thread_blocked, id=22720, stack(0x000000528ba00000,0x000000528bb00000)]
  0x000002317b574800 JavaThread "C1 CompilerThread11" daemon [_thread_blocked, id=29396, stack(0x000000528b900000,0x000000528ba00000)]
  0x000002317b563800 JavaThread "C1 CompilerThread10" daemon [_thread_blocked, id=29344, stack(0x000000528b800000,0x000000528b900000)]
  0x000002317b550800 JavaThread "C1 CompilerThread9" daemon [_thread_blocked, id=23108, stack(0x000000528b700000,0x000000528b800000)]
  0x000002317b52b800 JavaThread "C1 CompilerThread8" daemon [_thread_blocked, id=18856, stack(0x000000528b600000,0x000000528b700000)]
  0x000002317b51c800 JavaThread "C2 CompilerThread7" daemon [_thread_blocked, id=18552, stack(0x000000528b500000,0x000000528b600000)]
  0x000002317b4e4000 JavaThread "C2 CompilerThread6" daemon [_thread_blocked, id=29700, stack(0x000000528b400000,0x000000528b500000)]
  0x000002317b4e1000 JavaThread "C2 CompilerThread5" daemon [_thread_blocked, id=30120, stack(0x000000528b300000,0x000000528b400000)]
  0x000002317b4e0800 JavaThread "C2 CompilerThread4" daemon [_thread_blocked, id=18780, stack(0x000000528b200000,0x000000528b300000)]
  0x000002317b4d7800 JavaThread "C2 CompilerThread3" daemon [_thread_blocked, id=30944, stack(0x000000528b100000,0x000000528b200000)]
  0x000002317b4cd000 JavaThread "C2 CompilerThread2" daemon [_thread_blocked, id=22620, stack(0x000000528b000000,0x000000528b100000)]
  0x000002317b4cb000 JavaThread "C2 CompilerThread1" daemon [_thread_blocked, id=22680, stack(0x000000528af00000,0x000000528b000000)]
  0x000002317b4ca000 JavaThread "C2 CompilerThread0" daemon [_thread_blocked, id=20928, stack(0x000000528ae00000,0x000000528af00000)]
  0x000002317b44a000 JavaThread "Monitor Ctrl-Break" daemon [_thread_in_native, id=22796, stack(0x000000528ad00000,0x000000528ae00000)]
  0x000002317a129000 JavaThread "Attach Listener" daemon [_thread_blocked, id=21372, stack(0x000000528ac00000,0x000000528ad00000)]
  0x000002317a126800 JavaThread "Signal Dispatcher" daemon [_thread_blocked, id=22640, stack(0x000000528ab00000,0x000000528ac00000)]
=>0x00000231783fb800 JavaThread "Finalizer" daemon [_thread_in_native, id=1476, stack(0x000000528aa00000,0x000000528ab00000)]
  0x000002317a102000 JavaThread "Reference Handler" daemon [_thread_blocked, id=24368, stack(0x000000528a900000,0x000000528aa00000)]

Other Threads:
  0x000002317a0e0800 VMThread [stack: 0x000000528a800000,0x000000528a900000] [id=30868]
  0x000002317b862800 WatcherThread [stack: 0x000000528bc00000,0x000000528bd00000] [id=4828]

VM state:synchronizing (normal execution)

VM Mutex/Monitor currently owned by a thread:  ([mutex/lock_event])
[0x0000023172b91b20] Safepoint_lock - owner thread: 0x000002317a0e0800
[0x0000023172b917a0] Threads_lock - owner thread: 0x000002317a0e0800

heap address: 0x00000005c1200000, size: 8174 MB, Compressed Oops mode: Zero based, Oop shift amount: 3
Narrow klass base: 0x0000000000000000, Narrow klass shift: 3
Compressed class space size: 1073741824 Address: 0x00000007c0000000

Heap:
 PSYoungGen      total 208384K, used 20937K [0x0000000715b80000, 0x0000000727280000, 0x00000007c0000000)
  eden space 192000K, 2% used [0x0000000715b80000,0x0000000716034420,0x0000000721700000)
  from space 16384K, 98% used [0x0000000726280000,0x000000072723e038,0x0000000727280000)
  to   space 20992K, 0% used [0x0000000724980000,0x0000000724980000,0x0000000725e00000)
 ParOldGen       total 349184K, used 17710K [0x00000005c1200000, 0x00000005d6700000, 0x0000000715b80000)
  object space 349184K, 5% used [0x00000005c1200000,0x00000005c234ba98,0x00000005d6700000)
 Metaspace       used 50950K, capacity 54592K, committed 54656K, reserved 1095680K
  class space    used 6918K, capacity 7547K, committed 7552K, reserved 1048576K

Card table byte_map: [0x0000023174c70000,0x0000023175c70000] byte_map_base: 0x0000023171e67000

Marking Bits: (ParMarkBitMap*) 0x000000005268c860
 Begin Bits: [0x000002310f000000, 0x0000023116fb8000)
 End Bits:   [0x0000023116fb8000, 0x000002311ef70000)

Polling page: 0x0000023172c80000

CodeCache: size=245760Kb used=14286Kb max_used=14286Kb free=231473Kb
 bounds [0x0000023100000000, 0x0000023100e00000, 0x000002310f000000]
 total_blobs=7616 nmethods=6948 adapters=575
 compilation: enabled

Compilation events (10 events):
Event: 21357.436 Thread 0x000002317b563800 nmethod 7074 0x0000023100df4650 code [0x0000023100df47c0, 0x0000023100df4990]
Event: 21357.436 Thread 0x000002317b563800 7076       1       com.mysql.cj.protocol.AbstractProtocol::getSocketConnection (5 bytes)
Event: 21357.436 Thread 0x000002317b52b800 nmethod 7072 0x0000023100df4a90 code [0x0000023100df4c80, 0x0000023100df50e0]
Event: 21357.436 Thread 0x000002317b574800 nmethod 7075 0x0000023100df5510 code [0x0000023100df5680, 0x0000023100df5810]
Event: 21357.436 Thread 0x000002317b563800 nmethod 7076 0x0000023100df5890 code [0x0000023100df59e0, 0x0000023100df5af8]
Event: 21357.436 Thread 0x000002317b574800 7077       1       com.zaxxer.hikari.HikariConfig::getConnectionInitSql (5 bytes)
Event: 21357.436 Thread 0x000002317b574800 nmethod 7077 0x0000023100df5b50 code [0x0000023100df5ca0, 0x0000023100df5db8]
Event: 21357.436 Thread 0x000002317b550800 nmethod 7060 0x0000023100df5e10 code [0x0000023100df61a0, 0x0000023100df7320]
Event: 21364.150 Thread 0x000002317b52b800 7078       1       java.util.concurrent.ScheduledThreadPoolExecutor::access$100 (5 bytes)
Event: 21364.150 Thread 0x000002317b52b800 nmethod 7078 0x0000023100df8850 code [0x0000023100df89a0, 0x0000023100df8a98]

GC Heap History (10 events):
Event: 1.603 GC heap before
{Heap before GC invocations=4 (full 1):
 PSYoungGen      total 153088K, used 131584K [0x0000000715b80000, 0x0000000728680000, 0x00000007c0000000)
  eden space 131584K, 100% used [0x0000000715b80000,0x000000071dc00000,0x000000071dc00000)
  from space 21504K, 0% used [0x000000071f100000,0x000000071f100000,0x0000000720600000)
  to   space 21504K, 0% used [0x000000071dc00000,0x000000071dc00000,0x000000071f100000)
 ParOldGen       total 205312K, used 11089K [0x00000005c1200000, 0x00000005cda80000, 0x0000000715b80000)
  object space 205312K, 5% used [0x00000005c1200000,0x00000005c1cd47f0,0x00000005cda80000)
 Metaspace       used 28757K, capacity 30740K, committed 30976K, reserved 1075200K
  class space    used 3946K, capacity 4308K, committed 4352K, reserved 1048576K
Event: 1.608 GC heap after
Heap after GC invocations=4 (full 1):
 PSYoungGen      total 153088K, used 12583K [0x0000000715b80000, 0x0000000724480000, 0x00000007c0000000)
  eden space 131584K, 0% used [0x0000000715b80000,0x0000000715b80000,0x000000071dc00000)
  from space 21504K, 58% used [0x000000071dc00000,0x000000071e849ef0,0x000000071f100000)
  to   space 21504K, 0% used [0x0000000722f80000,0x0000000722f80000,0x0000000724480000)
 ParOldGen       total 205312K, used 11097K [0x00000005c1200000, 0x00000005cda80000, 0x0000000715b80000)
  object space 205312K, 5% used [0x00000005c1200000,0x00000005c1cd67f0,0x00000005cda80000)
 Metaspace       used 28757K, capacity 30740K, committed 30976K, reserved 1075200K
  class space    used 3946K, capacity 4308K, committed 4352K, reserved 1048576K
}
Event: 1.808 GC heap before
{Heap before GC invocations=5 (full 1):
 PSYoungGen      total 153088K, used 73673K [0x0000000715b80000, 0x0000000724480000, 0x00000007c0000000)
  eden space 131584K, 46% used [0x0000000715b80000,0x0000000719728608,0x000000071dc00000)
  from space 21504K, 58% used [0x000000071dc00000,0x000000071e849ef0,0x000000071f100000)
  to   space 21504K, 0% used [0x0000000722f80000,0x0000000722f80000,0x0000000724480000)
 ParOldGen       total 205312K, used 11097K [0x00000005c1200000, 0x00000005cda80000, 0x0000000715b80000)
  object space 205312K, 5% used [0x00000005c1200000,0x00000005c1cd67f0,0x00000005cda80000)
 Metaspace       used 32907K, capacity 35388K, committed 35496K, reserved 1079296K
  class space    used 4593K, capacity 5044K, committed 5120K, reserved 1048576K
Event: 1.811 GC heap after
Heap after GC invocations=5 (full 1):
 PSYoungGen      total 217088K, used 11013K [0x0000000715b80000, 0x0000000724700000, 0x00000007c0000000)
  eden space 195584K, 0% used [0x0000000715b80000,0x0000000715b80000,0x0000000721a80000)
  from space 21504K, 51% used [0x0000000722f80000,0x0000000723a41728,0x0000000724480000)
  to   space 21504K, 0% used [0x0000000721a80000,0x0000000721a80000,0x0000000722f80000)
 ParOldGen       total 205312K, used 11105K [0x00000005c1200000, 0x00000005cda80000, 0x0000000715b80000)
  object space 205312K, 5% used [0x00000005c1200000,0x00000005c1cd87f0,0x00000005cda80000)
 Metaspace       used 32907K, capacity 35388K, committed 35496K, reserved 1079296K
  class space    used 4593K, capacity 5044K, committed 5120K, reserved 1048576K
}
Event: 1.811 GC heap before
{Heap before GC invocations=6 (full 2):
 PSYoungGen      total 217088K, used 11013K [0x0000000715b80000, 0x0000000724700000, 0x00000007c0000000)
  eden space 195584K, 0% used [0x0000000715b80000,0x0000000715b80000,0x0000000721a80000)
  from space 21504K, 51% used [0x0000000722f80000,0x0000000723a41728,0x0000000724480000)
  to   space 21504K, 0% used [0x0000000721a80000,0x0000000721a80000,0x0000000722f80000)
 ParOldGen       total 205312K, used 11105K [0x00000005c1200000, 0x00000005cda80000, 0x0000000715b80000)
  object space 205312K, 5% used [0x00000005c1200000,0x00000005c1cd87f0,0x00000005cda80000)
 Metaspace       used 32907K, capacity 35388K, committed 35496K, reserved 1079296K
  class space    used 4593K, capacity 5044K, committed 5120K, reserved 1048576K
Event: 1.851 GC heap after
Heap after GC invocations=6 (full 2):
 PSYoungGen      total 217088K, used 0K [0x0000000715b80000, 0x0000000724700000, 0x00000007c0000000)
  eden space 195584K, 0% used [0x0000000715b80000,0x0000000715b80000,0x0000000721a80000)
  from space 21504K, 0% used [0x0000000722f80000,0x0000000722f80000,0x0000000724480000)
  to   space 21504K, 0% used [0x0000000721a80000,0x0000000721a80000,0x0000000722f80000)
 ParOldGen       total 349184K, used 17614K [0x00000005c1200000, 0x00000005d6700000, 0x0000000715b80000)
  object space 349184K, 5% used [0x00000005c1200000,0x00000005c2333a78,0x00000005d6700000)
 Metaspace       used 32905K, capacity 35386K, committed 35496K, reserved 1079296K
  class space    used 4592K, capacity 5043K, committed 5120K, reserved 1048576K
}
Event: 2.949 GC heap before
{Heap before GC invocations=7 (full 2):
 PSYoungGen      total 217088K, used 195584K [0x0000000715b80000, 0x0000000724700000, 0x00000007c0000000)
  eden space 195584K, 100% used [0x0000000715b80000,0x0000000721a80000,0x0000000721a80000)
  from space 21504K, 0% used [0x0000000722f80000,0x0000000722f80000,0x0000000724480000)
  to   space 21504K, 0% used [0x0000000721a80000,0x0000000721a80000,0x0000000722f80000)
 ParOldGen       total 349184K, used 17614K [0x00000005c1200000, 0x00000005d6700000, 0x0000000715b80000)
  object space 349184K, 5% used [0x00000005c1200000,0x00000005c2333a78,0x00000005d6700000)
 Metaspace       used 49052K, capacity 52584K, committed 52736K, reserved 1095680K
  class space    used 6742K, capacity 7373K, committed 7424K, reserved 1048576K
Event: 2.957 GC heap after
Heap after GC invocations=7 (full 2):
 PSYoungGen      total 217088K, used 21067K [0x0000000715b80000, 0x0000000727700000, 0x00000007c0000000)
  eden space 195584K, 0% used [0x0000000715b80000,0x0000000715b80000,0x0000000721a80000)
  from space 21504K, 97% used [0x0000000721a80000,0x0000000722f12e08,0x0000000722f80000)
  to   space 20992K, 0% used [0x0000000726280000,0x0000000726280000,0x0000000727700000)
 ParOldGen       total 349184K, used 17686K [0x00000005c1200000, 0x00000005d6700000, 0x0000000715b80000)
  object space 349184K, 5% used [0x00000005c1200000,0x00000005c2345a88,0x00000005d6700000)
 Metaspace       used 49052K, capacity 52584K, committed 52736K, reserved 1095680K
  class space    used 6742K, capacity 7373K, committed 7424K, reserved 1048576K
}
Event: 21364.150 GC heap before
{Heap before GC invocations=8 (full 2):
 PSYoungGen      total 217088K, used 216651K [0x0000000715b80000, 0x0000000727700000, 0x00000007c0000000)
  eden space 195584K, 100% used [0x0000000715b80000,0x0000000721a80000,0x0000000721a80000)
  from space 21504K, 97% used [0x0000000721a80000,0x0000000722f12e08,0x0000000722f80000)
  to   space 20992K, 0% used [0x0000000726280000,0x0000000726280000,0x0000000727700000)
 ParOldGen       total 349184K, used 17686K [0x00000005c1200000, 0x00000005d6700000, 0x0000000715b80000)
  object space 349184K, 5% used [0x00000005c1200000,0x00000005c2345a88,0x00000005d6700000)
 Metaspace       used 50950K, capacity 54592K, committed 54656K, reserved 1095680K
  class space    used 6918K, capacity 7547K, committed 7552K, reserved 1048576K
Event: 21364.159 GC heap after
Heap after GC invocations=8 (full 2):
 PSYoungGen      total 208384K, used 16120K [0x0000000715b80000, 0x0000000727280000, 0x00000007c0000000)
  eden space 192000K, 0% used [0x0000000715b80000,0x0000000715b80000,0x0000000721700000)
  from space 16384K, 98% used [0x0000000726280000,0x000000072723e038,0x0000000727280000)
  to   space 20992K, 0% used [0x0000000724980000,0x0000000724980000,0x0000000725e00000)
 ParOldGen       total 349184K, used 17710K [0x00000005c1200000, 0x00000005d6700000, 0x0000000715b80000)
  object space 349184K, 5% used [0x00000005c1200000,0x00000005c234ba98,0x00000005d6700000)
 Metaspace       used 50950K, capacity 54592K, committed 54656K, reserved 1095680K
  class space    used 6918K, capacity 7547K, committed 7552K, reserved 1048576K
}

Deoptimization events (0 events):
No events

Classes redefined (0 events):
No events

Internal exceptions (10 events):
Event: 2.793 Thread 0x0000023172b94000 Exception <a 'java/lang/ClassNotFoundException': org/springframework/data/geo/PointBeanInfo> (0x000000071fcfd660) thrown at [E:\jenkins\tmp\workspace\build\src\hotspot\src\share\vm\classfile\systemDictionary.cpp, line 217]
Event: 2.793 Thread 0x0000023172b94000 Exception <a 'java/lang/ClassNotFoundException': org/springframework/data/geo/PointCustomizer> (0x000000071fd10d20) thrown at [E:\jenkins\tmp\workspace\build\src\hotspot\src\share\vm\classfile\systemDictionary.cpp, line 217]
Event: 2.794 Thread 0x0000023172b94000 Exception <a 'java/lang/ClassNotFoundException': org/springframework/data/mongodb/core/geo/GeoJsonPointCustomizer> (0x000000071fd2eba8) thrown at [E:\jenkins\tmp\workspace\build\src\hotspot\src\share\vm\classfile\systemDictionary.cpp, line 217]
Event: 2.831 Thread 0x000002317a2b8000 Exception <a 'java/lang/NoSuchMethodError': java.lang.Object.lambda$static$0(Lcom/mongodb/client/FindIterable;)Lcom/mongodb/client/FindIterable;> (0x000000072092f1d0) thrown at [E:\jenkins\tmp\workspace\build\src\hotspot\src\share\vm\interpreter\linkResol
Event: 2.976 Thread 0x000002317a2b9000 Exception <a 'java/lang/ClassNotFoundException': java/lang/ObjectCustomizer> (0x0000000716021f98) thrown at [E:\jenkins\tmp\workspace\build\src\hotspot\src\share\vm\classfile\systemDictionary.cpp, line 217]
Event: 2.977 Thread 0x000002317a2b9000 Exception <a 'java/lang/ClassNotFoundException': com/mountain/entity/AggrMobileResultsCustomizer> (0x000000071603d5e0) thrown at [E:\jenkins\tmp\workspace\build\src\hotspot\src\share\vm\classfile\systemDictionary.cpp, line 217]
Event: 3.086 Thread 0x000002317a2b4000 Exception <a 'sun/nio/fs/WindowsException'> (0x0000000716779198) thrown at [E:\jenkins\tmp\workspace\build\src\hotspot\src\share\vm\prims\jni.cpp, line 711]
Event: 3.086 Thread 0x000002317a2b4000 Exception <a 'sun/nio/fs/WindowsException'> (0x0000000716779bb8) thrown at [E:\jenkins\tmp\workspace\build\src\hotspot\src\share\vm\prims\jni.cpp, line 711]
Event: 3.086 Thread 0x000002317a2b4000 Exception <a 'sun/nio/fs/WindowsException'> (0x000000071677ca88) thrown at [E:\jenkins\tmp\workspace\build\src\hotspot\src\share\vm\prims\jni.cpp, line 711]
Event: 3.086 Thread 0x000002317a2b4000 Exception <a 'sun/nio/fs/WindowsException'> (0x000000071677d540) thrown at [E:\jenkins\tmp\workspace\build\src\hotspot\src\share\vm\prims\jni.cpp, line 711]

Events (10 events):
Event: 21364.150 Thread 0x000002317ee56800 Thread added: 0x000002317ee56800
Event: 21364.150 Executing VM operation: ParallelGCFailedAllocation
Event: 21364.159 Executing VM operation: ParallelGCFailedAllocation done
Event: 21364.159 Executing VM operation: RevokeBias
Event: 21364.159 Executing VM operation: RevokeBias done
Event: 21364.159 Executing VM operation: RevokeBias
Event: 21364.159 Executing VM operation: RevokeBias done
Event: 21364.159 Executing VM operation: RevokeBias
Event: 21364.159 Executing VM operation: RevokeBias done
Event: 21364.159 Executing VM operation: RevokeBias


Dynamic libraries:
0x00007ff7c0170000 - 0x00007ff7c01aa000 	C:\Program Files\Eclipse Adoptium\jdk-8.0.312.7-hotspot\bin\java.exe
0x00007ffbdfe70000 - 0x00007ffbe0065000 	C:\WINDOWS\SYSTEM32\ntdll.dll
0x00007ffbdfaf0000 - 0x00007ffbdfbae000 	C:\WINDOWS\System32\KERNEL32.DLL
0x00007ffbdda40000 - 0x00007ffbddd08000 	C:\WINDOWS\System32\KERNELBASE.dll
0x00007ffbddf50000 - 0x00007ffbddffc000 	C:\WINDOWS\System32\ADVAPI32.dll
0x00007ffbdef00000 - 0x00007ffbdef9e000 	C:\WINDOWS\System32\msvcrt.dll
0x00007ffbde020000 - 0x00007ffbde0bb000 	C:\WINDOWS\System32\sechost.dll
0x00007ffbde530000 - 0x00007ffbde65a000 	C:\WINDOWS\System32\RPCRT4.dll
0x00007ffbdf530000 - 0x00007ffbdf6d1000 	C:\WINDOWS\System32\USER32.dll
0x00007ffbdd740000 - 0x00007ffbdd762000 	C:\WINDOWS\System32\win32u.dll
0x00007ffbdf500000 - 0x00007ffbdf52b000 	C:\WINDOWS\System32\GDI32.dll
0x00007ffbdd630000 - 0x00007ffbdd73b000 	C:\WINDOWS\System32\gdi32full.dll
0x00007ffbdd590000 - 0x00007ffbdd62d000 	C:\WINDOWS\System32\msvcp_win.dll
0x00007ffbdddc0000 - 0x00007ffbddec0000 	C:\WINDOWS\System32\ucrtbase.dll
0x00007ffbd1950000 - 0x00007ffbd1bea000 	C:\WINDOWS\WinSxS\amd64_microsoft.windows.common-controls_6595b64144ccf1df_6.0.19041.1110_none_60b5254171f9507e\COMCTL32.dll
0x00007ffbde0c0000 - 0x00007ffbde0f0000 	C:\WINDOWS\System32\IMM32.DLL
0x00007ffbb0320000 - 0x00007ffbb040f000 	C:\Program Files\Eclipse Adoptium\jdk-8.0.312.7-hotspot\jre\bin\msvcr120.dll
0x00007ffbcb7f0000 - 0x00007ffbcb896000 	C:\Program Files\Eclipse Adoptium\jdk-8.0.312.7-hotspot\jre\bin\msvcp120.dll
0x0000000051ea0000 - 0x000000005270b000 	C:\Program Files\Eclipse Adoptium\jdk-8.0.312.7-hotspot\jre\bin\server\jvm.dll
0x00007ffbdfbb0000 - 0x00007ffbdfbb8000 	C:\WINDOWS\System32\PSAPI.DLL
0x00007ffbd0e20000 - 0x00007ffbd0e47000 	C:\WINDOWS\SYSTEM32\WINMM.dll
0x00007ffb9c6a0000 - 0x00007ffb9c6a9000 	C:\WINDOWS\SYSTEM32\WSOCK32.dll
0x00007ffbd78e0000 - 0x00007ffbd78ea000 	C:\WINDOWS\SYSTEM32\VERSION.dll
0x00007ffbdee90000 - 0x00007ffbdeefb000 	C:\WINDOWS\System32\WS2_32.dll
0x00007ffbd9480000 - 0x00007ffbd948f000 	C:\Program Files\Eclipse Adoptium\jdk-8.0.312.7-hotspot\jre\bin\verify.dll
0x00007ffbcf810000 - 0x00007ffbcf839000 	C:\Program Files\Eclipse Adoptium\jdk-8.0.312.7-hotspot\jre\bin\java.dll
0x00007ffbcf620000 - 0x00007ffbcf64a000 	C:\Program Files\Eclipse Adoptium\jdk-8.0.312.7-hotspot\jre\bin\instrument.dll
0x00007ffbcf7d0000 - 0x00007ffbcf7e6000 	C:\Program Files\Eclipse Adoptium\jdk-8.0.312.7-hotspot\jre\bin\zip.dll
0x00007ffbde730000 - 0x00007ffbdee6f000 	C:\WINDOWS\System32\SHELL32.dll
0x00007ffbdb6b0000 - 0x00007ffbdbe40000 	C:\WINDOWS\SYSTEM32\windows.storage.dll
0x00007ffbdf6e0000 - 0x00007ffbdfa35000 	C:\WINDOWS\System32\combase.dll
0x00007ffbdcfe0000 - 0x00007ffbdd00e000 	C:\WINDOWS\SYSTEM32\Wldp.dll
0x00007ffbde350000 - 0x00007ffbde3fd000 	C:\WINDOWS\System32\SHCORE.dll
0x00007ffbde210000 - 0x00007ffbde265000 	C:\WINDOWS\System32\shlwapi.dll
0x00007ffbdd4d0000 - 0x00007ffbdd4ef000 	C:\WINDOWS\SYSTEM32\profapi.dll
0x00007ffbcc000000 - 0x00007ffbcc01a000 	C:\Program Files\JetBrains\IntelliJ IDEA 2021.1.2\bin\breakgen64.dll
0x00007ffbcc0e0000 - 0x00007ffbcc0fa000 	C:\Program Files\Eclipse Adoptium\jdk-8.0.312.7-hotspot\jre\bin\net.dll
0x00007ffbdcd40000 - 0x00007ffbdcdaa000 	C:\WINDOWS\system32\mswsock.dll
0x00007ffbdca20000 - 0x00007ffbdcaeb000 	C:\WINDOWS\SYSTEM32\DNSAPI.dll
0x00007ffbdc9e0000 - 0x00007ffbdca1b000 	C:\WINDOWS\SYSTEM32\IPHLPAPI.DLL
0x00007ffbde000000 - 0x00007ffbde008000 	C:\WINDOWS\System32\NSI.dll
0x00007ffbd7040000 - 0x00007ffbd704a000 	C:\Windows\System32\rasadhlp.dll
0x00007ffbd68b0000 - 0x00007ffbd692f000 	C:\WINDOWS\System32\fwpuclnt.dll
0x00007ffbdd770000 - 0x00007ffbdd797000 	C:\WINDOWS\System32\bcrypt.dll
0x00007ffbd6cf0000 - 0x00007ffbd6cfd000 	C:\Program Files\Eclipse Adoptium\jdk-8.0.312.7-hotspot\jre\bin\management.dll
0x00007ffbcc020000 - 0x00007ffbcc032000 	C:\Program Files\Eclipse Adoptium\jdk-8.0.312.7-hotspot\jre\bin\nio.dll
0x00007ffbdcf40000 - 0x00007ffbdcf58000 	C:\WINDOWS\SYSTEM32\CRYPTSP.dll
0x00007ffbdc650000 - 0x00007ffbdc684000 	C:\WINDOWS\system32\rsaenh.dll
0x00007ffbdd490000 - 0x00007ffbdd4be000 	C:\WINDOWS\SYSTEM32\USERENV.dll
0x00007ffbdd7a0000 - 0x00007ffbdd823000 	C:\WINDOWS\System32\bcryptprimitives.dll
0x00007ffbdcf30000 - 0x00007ffbdcf3c000 	C:\WINDOWS\SYSTEM32\CRYPTBASE.dll
0x00007ffbd78f0000 - 0x00007ffbd7907000 	C:\WINDOWS\SYSTEM32\dhcpcsvc6.DLL
0x00007ffbd7750000 - 0x00007ffbd776d000 	C:\WINDOWS\SYSTEM32\dhcpcsvc.DLL
0x00007ffbce0d0000 - 0x00007ffbce0e7000 	C:\WINDOWS\system32\napinsp.dll
0x00007ffbce0b0000 - 0x00007ffbce0cb000 	C:\WINDOWS\system32\pnrpnsp.dll
0x00007ffbd9330000 - 0x00007ffbd934d000 	C:\WINDOWS\system32\NLAapi.dll
0x00007ffbd7fa0000 - 0x00007ffbd7fb5000 	C:\WINDOWS\system32\wshbth.dll
0x00007ffbce090000 - 0x00007ffbce0a2000 	C:\WINDOWS\System32\winrnr.dll
0x00007ffbbff90000 - 0x00007ffbbffb3000 	C:\Program Files\Eclipse Adoptium\jdk-8.0.312.7-hotspot\jre\bin\sunec.dll
0x00007ffbcbdc0000 - 0x00007ffbcbdcc000 	C:\Program Files\Eclipse Adoptium\jdk-8.0.312.7-hotspot\jre\bin\sunmscapi.dll
0x00007ffbdd880000 - 0x00007ffbdd9d6000 	C:\WINDOWS\System32\CRYPT32.dll
0x00007ffbdd050000 - 0x00007ffbdd077000 	C:\WINDOWS\SYSTEM32\ncrypt.dll
0x00007ffbdd010000 - 0x00007ffbdd04b000 	C:\WINDOWS\SYSTEM32\NTASN1.dll
0x00007ffb971e0000 - 0x00007ffb98d69000 	C:\Users\mountainINblack\AppData\Local\Temp\ortools-java6913546462513599451\win32-x86-64\jniortools.dll
0x00007ffbd2240000 - 0x00007ffbd22d1000 	C:\WINDOWS\SYSTEM32\MSVCP140.dll
0x00007ffbd3720000 - 0x00007ffbd372c000 	C:\WINDOWS\SYSTEM32\VCRUNTIME140_1.dll
0x00007ffbd2480000 - 0x00007ffbd2499000 	C:\WINDOWS\SYSTEM32\VCRUNTIME140.dll
0x00007ffbd1eb0000 - 0x00007ffbd2094000 	C:\WINDOWS\SYSTEM32\dbghelp.dll

VM Arguments:
jvm_args: -XX:TieredStopAtLevel=1 -Xverify:none -Dspring.output.ansi.enabled=always -javaagent:C:\Program Files\JetBrains\IntelliJ IDEA 2021.1.2\lib\idea_rt.jar=61767:C:\Program Files\JetBrains\IntelliJ IDEA 2021.1.2\bin -Dcom.sun.management.jmxremote -Dspring.jmx.enabled=true -Dspring.liveBeansView.mbeanDomain -Dspring.application.admin.enabled=true -Dfile.encoding=UTF-8 
java_command: com.mountain.MountainApplication
java_class_path (initial): C:\Program Files\Eclipse Adoptium\jdk-8.0.312.7-hotspot\jre\lib\charsets.jar;C:\Program Files\Eclipse Adoptium\jdk-8.0.312.7-hotspot\jre\lib\ext\access-bridge-64.jar;C:\Program Files\Eclipse Adoptium\jdk-8.0.312.7-hotspot\jre\lib\ext\cldrdata.jar;C:\Program Files\Eclipse Adoptium\jdk-8.0.312.7-hotspot\jre\lib\ext\dnsns.jar;C:\Program Files\Eclipse Adoptium\jdk-8.0.312.7-hotspot\jre\lib\ext\jaccess.jar;C:\Program Files\Eclipse Adoptium\jdk-8.0.312.7-hotspot\jre\lib\ext\localedata.jar;C:\Program Files\Eclipse Adoptium\jdk-8.0.312.7-hotspot\jre\lib\ext\nashorn.jar;C:\Program Files\Eclipse Adoptium\jdk-8.0.312.7-hotspot\jre\lib\ext\sunec.jar;C:\Program Files\Eclipse Adoptium\jdk-8.0.312.7-hotspot\jre\lib\ext\sunjce_provider.jar;C:\Program Files\Eclipse Adoptium\jdk-8.0.312.7-hotspot\jre\lib\ext\sunmscapi.jar;C:\Program Files\Eclipse Adoptium\jdk-8.0.312.7-hotspot\jre\lib\ext\sunpkcs11.jar;C:\Program Files\Eclipse Adoptium\jdk-8.0.312.7-hotspot\jre\lib\ext\zipfs.jar;C:\Program Files\Eclipse Adoptium\jdk-8.0.312.7-hotspot\jre\lib\jce.jar;C:\Program Files\Eclipse Adoptium\jdk-8.0.312.7-hotspot\jre\lib\jfr.jar;C:\Program Files\Eclipse Adoptium\jdk-8.0.312.7-hotspot\jre\lib\jsse.jar;C:\Program Files\Eclipse Adoptium\jdk-8.0.312.7-hotspot\jre\lib\management-agent.jar;C:\Program Files\Eclipse Adoptium\jdk-8.0.312.7-hotspot\jre\lib\resources.jar;C:\Program Files\Eclipse Adoptium\jdk-8.0.312.7-hotspot\jre\lib\rt.jar;F:\WebProject\Mountain\target\classes;D:\Program Files\Maven\Repository\org\springframework\boot\spring-boot-starter-web\2.4.5\spring-boot-starter-web-2.4.5.jar;D:\Program Files\Maven\Repository\org\springframework\boot\spring-boot-starter\2.4.5\spring-boot-starter-2.4.5.jar;D:\Program Files\Maven\Repository\org\springframework\boot\spring-boot\2.4.5\spring-boot-2.4.5.jar;D:\Program Files\Maven\Repository\org\springframework\boot\spring-boot-starter-logging\2.4.5\spring-boot-starter-logging-2.4.5.jar;D:\Program Files\Maven\Repository\ch\q
Launcher Type: SUN_STANDARD

Environment Variables:
JAVA_HOME=C:\Program Files\Java\jdk1.8.0_144
PATH=C:\Program Files\Eclipse Adoptium\jdk-8.0.312.7-hotspot\bin;C:\Program Files\Eclipse Foundation\jdk-11.0.12.7-hotspot\bin;D:\ProgramData\Anaconda3;D:\ProgramData\Anaconda3\Library\mingw-w64\bin;D:\ProgramData\Anaconda3\Library\usr\bin;D:\ProgramData\Anaconda3\Library\bin;D:\ProgramData\Anaconda3\Scripts;D:\Program Files\Python38\Scripts\;D:\Program Files\Python38\;D:\Program Files (x86)\VMware\VMware Workstation\bin\;C:\Program Files (x86)\Common Files\Oracle\Java\javapath;C:\ProgramData\Oracle\Java\javapath;C:\WINDOWS\system32;C:\WINDOWS;C:\WINDOWS\System32\Wbem;C:\WINDOWS\System32\WindowsPowerShell\v1.0\;C:\WINDOWS\System32\OpenSSH\;D:\Program Files\Maven\apache-maven-3.8.1\bin;C:\Program Files\MySQL\MySQL Server 8.0\bin;C:\Program Files\Java\jdk1.8.0_144\bin;D:\Program Files\Python38;D:\Program Files\nodejs\;C:\Program Files (x86)\NetSarang\Xshell 7\;C:\MinGW\bin;C:\Program Files\Git\cmd;C:\Program Files\MySQL\MySQL Shell 8.0\bin\;C:\Users\mountainINblack\AppData\Local\Microsoft\WindowsApps;;C:\Program Files\JetBrains\IntelliJ IDEA 2021.1.2\bin;;C:\Program Files\JetBrains\WebStorm 2021.1.3\bin;;C:\Users\mountainINblack\AppData\Roaming\npm;D:\Program Files\JetBrains\PyCharm 2021.2.1\bin;;C:\Users\mountainINblack\AppData\Local\Programs\Microsoft VS Code\bin
USERNAME=mountainINblack
OS=Windows_NT
PROCESSOR_IDENTIFIER=Intel64 Family 6 Model 165 Stepping 5, GenuineIntel



---------------  S Y S T E M  ---------------

OS: Windows 10.0 , 64 bit Build 19041 (10.0.19041.1348)

CPU:total 16 (initial active 16) (8 cores per cpu, 2 threads per core) family 6 model 165 stepping 5, cmov, cx8, fxsr, mmx, sse, sse2, sse3, ssse3, sse4.1, sse4.2, popcnt, avx, avx2, aes, clmul, erms, 3dnowpref, lzcnt, ht, tsc, tscinvbit, bmi1, bmi2, adx

Memory: 4k page, physical 33474576k(17765340k free), swap 40290320k(14929000k free)

vm_info: OpenJDK 64-Bit Server VM (25.312-b07) for windows-amd64 JRE (1.8.0_312-b07), built on Oct 19 2021 15:47:56 by "jenkins" with MS VC++ 12.0 (VS2013)

time: Sun Nov 21 16:27:25 2021
timezone: ?D1¨²¡À¨º¡Á?¨º¡À??
elapsed time: 21364.270989 seconds (0d 5h 56m 4s)

