#
# A fatal error has been detected by the Java Runtime Environment:
#
#  Internal Error (safepoint.cpp:848), pid=11464, tid=0x0000000000004b04
#  fatal error: Illegal threadstate encountered: 4
#
# JRE version: OpenJDK Runtime Environment (8.0_312-b07) (build 1.8.0_312-b07)
# Java VM: OpenJDK 64-Bit Server VM (25.312-b07 mixed mode windows-amd64 compressed oops)
# Failed to write core dump. Minidumps are not enabled by default on client versions of Windows
#
# If you would like to submit a bug report, please visit:
#   https://github.com/adoptium/adoptium-support/issues
# The crash happened outside the Java Virtual Machine in native code.
# See problematic frame for where to report the bug.
#

---------------  T H R E A D  ---------------

Current thread (0x0000027e7dbae000):  JavaThread "Finalizer" daemon [_thread_in_native, id=19204, stack(0x000000918e300000,0x000000918e400000)]

Stack: [0x000000918e300000,0x000000918e400000]
[error occurred during error reporting (printing stack bounds), id 0xc0000005]

Native frames: (J=compiled Java code, j=interpreted, Vv=VM code, C=native code)

Java frames: (J=compiled Java code, j=interpreted, Vv=VM code)
j  com.google.ortools.constraintsolver.mainJNI.delete_RoutingModel(J)V+0
j  com.google.ortools.constraintsolver.RoutingModel.delete()V+25
j  com.google.ortools.constraintsolver.RoutingModel.finalize()V+1
J 2022 C1 java.lang.ref.Finalizer.runFinalizer(Lsun/misc/JavaLangAccess;)V (62 bytes) @ 0x0000027e6b59bac4 [0x0000027e6b59b8c0+0x204]
J 2021 C1 java.lang.ref.Finalizer.access$100(Ljava/lang/ref/Finalizer;Lsun/misc/JavaLangAccess;)V (6 bytes) @ 0x0000027e6b598c74 [0x0000027e6b598c60+0x14]
j  java.lang.ref.Finalizer$FinalizerThread.run()V+45
v  ~StubRoutines::call_stub

---------------  P R O C E S S  ---------------

Java Threads: ( => current thread )
  0x0000027e1457b800 JavaThread "WebSocket background processing" daemon [_thread_blocked, id=23592, stack(0x000000918d200000,0x000000918d300000)]
  0x0000027e1457d000 JavaThread "System Clock" daemon [_thread_blocked, id=22100, stack(0x000000918d000000,0x000000918d100000)]
  0x0000027e14573800 JavaThread "DestroyJavaVM" [_thread_blocked, id=20096, stack(0x000000918d300000,0x000000918d400000)]
  0x0000027e1457a800 JavaThread "http-nio-8085-Acceptor" daemon [_thread_in_native, id=20832, stack(0x0000009190d00000,0x0000009190e00000)]
  0x0000027e14576800 JavaThread "http-nio-8085-ClientPoller" daemon [_thread_in_native, id=21692, stack(0x0000009190c00000,0x0000009190d00000)]
  0x0000027e14578800 JavaThread "http-nio-8085-exec-10" daemon [_thread_blocked, id=18244, stack(0x0000009190b00000,0x0000009190c00000)]
  0x0000027e14573000 JavaThread "http-nio-8085-exec-9" daemon [_thread_blocked, id=29840, stack(0x0000009190a00000,0x0000009190b00000)]
  0x0000027e1457a000 JavaThread "http-nio-8085-exec-8" daemon [_thread_blocked, id=6188, stack(0x0000009190900000,0x0000009190a00000)]
  0x0000027e14574800 JavaThread "http-nio-8085-exec-7" daemon [_thread_blocked, id=16664, stack(0x0000009190800000,0x0000009190900000)]
  0x0000027e14575000 JavaThread "http-nio-8085-exec-6" daemon [_thread_blocked, id=13296, stack(0x0000009190700000,0x0000009190800000)]
  0x0000027e14579000 JavaThread "http-nio-8085-exec-5" daemon [_thread_blocked, id=10672, stack(0x0000009190600000,0x0000009190700000)]
  0x0000027e14571000 JavaThread "http-nio-8085-exec-4" daemon [_thread_blocked, id=13856, stack(0x0000009190500000,0x0000009190600000)]
  0x0000027e14577800 JavaThread "http-nio-8085-exec-3" daemon [_thread_blocked, id=29444, stack(0x0000009190400000,0x0000009190500000)]
  0x0000027e14576000 JavaThread "http-nio-8085-exec-2" daemon [_thread_in_native_trans, id=25160, stack(0x0000009190300000,0x0000009190400000)]
  0x0000027e14572000 JavaThread "http-nio-8085-exec-1" daemon [_thread_blocked, id=31188, stack(0x0000009190200000,0x0000009190300000)]
  0x0000027e10c98000 JavaThread "http-nio-8085-BlockPoller" daemon [_thread_in_native, id=27296, stack(0x0000009190100000,0x0000009190200000)]
  0x0000027e10c96000 JavaThread "HikariPool-1 housekeeper" daemon [_thread_blocked, id=8580, stack(0x000000918ff00000,0x0000009190000000)]
  0x0000027e7fc54000 JavaThread "mysql-cj-abandoned-connection-cleanup" daemon [_thread_blocked, id=19368, stack(0x000000918fe00000,0x000000918ff00000)]
  0x0000027e1268b000 JavaThread "cluster-rtt-ClusterId{value='619af3ff403d270d0d262a47', description='null'}-127.0.0.1:27017" daemon [_thread_blocked, id=25392, stack(0x000000918fc00000,0x000000918fd00000)]
  0x0000027e1268a800 JavaThread "cluster-ClusterId{value='619af3ff403d270d0d262a47', description='null'}-127.0.0.1:27017" daemon [_thread_in_native, id=4484, stack(0x000000918fb00000,0x000000918fc00000)]
  0x0000027e125dc000 JavaThread "container-0" [_thread_blocked, id=29424, stack(0x000000918fa00000,0x000000918fb00000)]
  0x0000027e125db000 JavaThread "Catalina-utility-2" [_thread_blocked, id=26232, stack(0x000000918f900000,0x000000918fa00000)]
  0x0000027e125da800 JavaThread "Catalina-utility-1" [_thread_blocked, id=16492, stack(0x000000918f800000,0x000000918f900000)]
  0x0000027e125dd000 JavaThread "RMI Scheduler(0)" daemon [_thread_blocked, id=19052, stack(0x000000918f700000,0x000000918f800000)]
  0x0000027e10fe8800 JavaThread "RMI TCP Accept-0" daemon [_thread_in_native, id=26384, stack(0x000000918f400000,0x000000918f500000)]
  0x0000027e10d22000 JavaThread "Service Thread" daemon [_thread_blocked, id=20692, stack(0x000000918f300000,0x000000918f400000)]
  0x0000027e10c95000 JavaThread "C1 CompilerThread11" daemon [_thread_blocked, id=16732, stack(0x000000918f200000,0x000000918f300000)]
  0x0000027e10c99000 JavaThread "C1 CompilerThread10" daemon [_thread_blocked, id=10292, stack(0x000000918f100000,0x000000918f200000)]
  0x0000027e10c92800 JavaThread "C1 CompilerThread9" daemon [_thread_blocked, id=22520, stack(0x000000918f000000,0x000000918f100000)]
  0x0000027e10c94800 JavaThread "C1 CompilerThread8" daemon [_thread_blocked, id=17088, stack(0x000000918ef00000,0x000000918f000000)]
  0x0000027e10c93800 JavaThread "C2 CompilerThread7" daemon [_thread_blocked, id=30704, stack(0x000000918ee00000,0x000000918ef00000)]
  0x0000027e10c7e800 JavaThread "C2 CompilerThread6" daemon [_thread_blocked, id=20616, stack(0x000000918ed00000,0x000000918ee00000)]
  0x0000027e10c5c000 JavaThread "C2 CompilerThread5" daemon [_thread_blocked, id=28092, stack(0x000000918ec00000,0x000000918ed00000)]
  0x0000027e10c33000 JavaThread "C2 CompilerThread4" daemon [_thread_blocked, id=25452, stack(0x000000918eb00000,0x000000918ec00000)]
  0x0000027e7fc5e000 JavaThread "C2 CompilerThread3" daemon [_thread_blocked, id=29420, stack(0x000000918ea00000,0x000000918eb00000)]
  0x0000027e7fc59000 JavaThread "C2 CompilerThread2" daemon [_thread_blocked, id=6180, stack(0x000000918e900000,0x000000918ea00000)]
  0x0000027e10c1a800 JavaThread "C2 CompilerThread1" daemon [_thread_blocked, id=6968, stack(0x000000918e800000,0x000000918e900000)]
  0x0000027e10c1a000 JavaThread "C2 CompilerThread0" daemon [_thread_blocked, id=22136, stack(0x000000918e700000,0x000000918e800000)]
  0x0000027e10bb1800 JavaThread "Monitor Ctrl-Break" daemon [_thread_in_native, id=22776, stack(0x000000918e600000,0x000000918e700000)]
  0x0000027e7f8c7000 JavaThread "Attach Listener" daemon [_thread_blocked, id=29552, stack(0x000000918e500000,0x000000918e600000)]
  0x0000027e7f919800 JavaThread "Signal Dispatcher" daemon [_thread_blocked, id=28912, stack(0x000000918e400000,0x000000918e500000)]
=>0x0000027e7dbae000 JavaThread "Finalizer" daemon [_thread_in_native, id=19204, stack(0x000000918e300000,0x000000918e400000)]
  0x0000027e7f8a2000 JavaThread "Reference Handler" daemon [_thread_blocked, id=23756, stack(0x000000918e200000,0x000000918e300000)]

Other Threads:
  0x0000027e7dba2000 VMThread [stack: 0x000000918e100000,0x000000918e200000] [id=31000]
  0x0000027e10ff8800 WatcherThread [stack: 0x000000918f500000,0x000000918f600000] [id=20892]

VM state:synchronizing (normal execution)

VM Mutex/Monitor currently owned by a thread:  ([mutex/lock_event])
[0x0000027e691804d0] Safepoint_lock - owner thread: 0x0000027e7dba2000
[0x0000027e69180050] Threads_lock - owner thread: 0x0000027e7dba2000

heap address: 0x00000005c1200000, size: 8174 MB, Compressed Oops mode: Zero based, Oop shift amount: 3
Narrow klass base: 0x0000000000000000, Narrow klass shift: 3
Compressed class space size: 1073741824 Address: 0x00000007c0000000

Heap:
 PSYoungGen      total 208896K, used 22457K [0x0000000715b80000, 0x0000000726b00000, 0x00000007c0000000)
  eden space 190976K, 2% used [0x0000000715b80000,0x0000000716046790,0x0000000721600000)
  from space 17920K, 98% used [0x0000000725980000,0x0000000726aa7fe8,0x0000000726b00000)
  to   space 21504K, 0% used [0x0000000724100000,0x0000000724100000,0x0000000725600000)
 ParOldGen       total 350208K, used 17612K [0x00000005c1200000, 0x00000005d6800000, 0x0000000715b80000)
  object space 350208K, 5% used [0x00000005c1200000,0x00000005c2333078,0x00000005d6800000)
 Metaspace       used 52462K, capacity 56246K, committed 56576K, reserved 1097728K
  class space    used 7124K, capacity 7824K, committed 7936K, reserved 1048576K

Card table byte_map: [0x0000027e7a380000,0x0000027e7b380000] byte_map_base: 0x0000027e77577000

Marking Bits: (ParMarkBitMap*) 0x000000005268c860
 Begin Bits: [0x0000027e00000000, 0x0000027e07fb8000)
 End Bits:   [0x0000027e07fb8000, 0x0000027e0ff70000)

Polling page: 0x0000027e69430000

CodeCache: size=245760Kb used=14889Kb max_used=14889Kb free=230870Kb
 bounds [0x0000027e6afc0000, 0x0000027e6be50000, 0x0000027e79fc0000]
 total_blobs=8042 nmethods=7357 adapters=593
 compilation: enabled

Compilation events (10 events):
Event: 15991.674 Thread 0x0000027e10c92800 7481       1       java.lang.Integer::valueOf (10 bytes)
Event: 15991.674 Thread 0x0000027e10c92800 nmethod 7481 0x0000027e6be4a810 code [0x0000027e6be4a980, 0x0000027e6be4ab30]
Event: 15997.148 Thread 0x0000027e10c99000 7482       1       java.util.regex.Pattern::namedGroups (24 bytes)
Event: 15997.148 Thread 0x0000027e10c95000 7483       1       java.util.Iterator::forEachRemaining (30 bytes)
Event: 15997.148 Thread 0x0000027e10c99000 nmethod 7482 0x0000027e6be4ac50 code [0x0000027e6be4ade0, 0x0000027e6be4afd0]
Event: 15997.148 Thread 0x0000027e10c95000 nmethod 7483 0x0000027e6be4b090 code [0x0000027e6be4b220, 0x0000027e6be4b480]
Event: 15997.601 Thread 0x0000027e10c94800 7484       1       com.mysql.cj.protocol.ExportControlled::isSSLEstablished (18 bytes)
Event: 15997.601 Thread 0x0000027e10c94800 nmethod 7484 0x0000027e6be4b5d0 code [0x0000027e6be4b720, 0x0000027e6be4b870]
Event: 16006.339 Thread 0x0000027e10c94800 7485   !   1       java.lang.ThreadGroup::remove (94 bytes)
Event: 16006.339 Thread 0x0000027e10c94800 nmethod 7485 0x0000027e6be4b910 code [0x0000027e6be4ba80, 0x0000027e6be4bef0]

GC Heap History (10 events):
Event: 1.610 GC heap before
{Heap before GC invocations=4 (full 1):
 PSYoungGen      total 153088K, used 131584K [0x0000000715b80000, 0x0000000728680000, 0x00000007c0000000)
  eden space 131584K, 100% used [0x0000000715b80000,0x000000071dc00000,0x000000071dc00000)
  from space 21504K, 0% used [0x000000071f100000,0x000000071f100000,0x0000000720600000)
  to   space 21504K, 0% used [0x000000071dc00000,0x000000071dc00000,0x000000071f100000)
 ParOldGen       total 206336K, used 11276K [0x00000005c1200000, 0x00000005cdb80000, 0x0000000715b80000)
  object space 206336K, 5% used [0x00000005c1200000,0x00000005c1d03218,0x00000005cdb80000)
 Metaspace       used 28863K, capacity 30804K, committed 30976K, reserved 1075200K
  class space    used 3951K, capacity 4308K, committed 4352K, reserved 1048576K
Event: 1.614 GC heap after
Heap after GC invocations=4 (full 1):
 PSYoungGen      total 153088K, used 12483K [0x0000000715b80000, 0x0000000724300000, 0x00000007c0000000)
  eden space 131584K, 0% used [0x0000000715b80000,0x0000000715b80000,0x000000071dc00000)
  from space 21504K, 58% used [0x000000071dc00000,0x000000071e830c18,0x000000071f100000)
  to   space 21504K, 0% used [0x0000000722e00000,0x0000000722e00000,0x0000000724300000)
 ParOldGen       total 206336K, used 11284K [0x00000005c1200000, 0x00000005cdb80000, 0x0000000715b80000)
  object space 206336K, 5% used [0x00000005c1200000,0x00000005c1d05218,0x00000005cdb80000)
 Metaspace       used 28863K, capacity 30804K, committed 30976K, reserved 1075200K
  class space    used 3951K, capacity 4308K, committed 4352K, reserved 1048576K
}
Event: 1.810 GC heap before
{Heap before GC invocations=5 (full 1):
 PSYoungGen      total 153088K, used 72485K [0x0000000715b80000, 0x0000000724300000, 0x00000007c0000000)
  eden space 131584K, 45% used [0x0000000715b80000,0x0000000719618868,0x000000071dc00000)
  from space 21504K, 58% used [0x000000071dc00000,0x000000071e830c18,0x000000071f100000)
  to   space 21504K, 0% used [0x0000000722e00000,0x0000000722e00000,0x0000000724300000)
 ParOldGen       total 206336K, used 11284K [0x00000005c1200000, 0x00000005cdb80000, 0x0000000715b80000)
  object space 206336K, 5% used [0x00000005c1200000,0x00000005c1d05218,0x00000005cdb80000)
 Metaspace       used 32904K, capacity 35388K, committed 35496K, reserved 1079296K
  class space    used 4589K, capacity 5044K, committed 5120K, reserved 1048576K
Event: 1.814 GC heap after
Heap after GC invocations=5 (full 1):
 PSYoungGen      total 215552K, used 10813K [0x0000000715b80000, 0x0000000724600000, 0x00000007c0000000)
  eden space 194048K, 0% used [0x0000000715b80000,0x0000000715b80000,0x0000000721900000)
  from space 21504K, 50% used [0x0000000722e00000,0x000000072388f598,0x0000000724300000)
  to   space 21504K, 0% used [0x0000000721900000,0x0000000721900000,0x0000000722e00000)
 ParOldGen       total 206336K, used 11292K [0x00000005c1200000, 0x00000005cdb80000, 0x0000000715b80000)
  object space 206336K, 5% used [0x00000005c1200000,0x00000005c1d07218,0x00000005cdb80000)
 Metaspace       used 32904K, capacity 35388K, committed 35496K, reserved 1079296K
  class space    used 4589K, capacity 5044K, committed 5120K, reserved 1048576K
}
Event: 1.814 GC heap before
{Heap before GC invocations=6 (full 2):
 PSYoungGen      total 215552K, used 10813K [0x0000000715b80000, 0x0000000724600000, 0x00000007c0000000)
  eden space 194048K, 0% used [0x0000000715b80000,0x0000000715b80000,0x0000000721900000)
  from space 21504K, 50% used [0x0000000722e00000,0x000000072388f598,0x0000000724300000)
  to   space 21504K, 0% used [0x0000000721900000,0x0000000721900000,0x0000000722e00000)
 ParOldGen       total 206336K, used 11292K [0x00000005c1200000, 0x00000005cdb80000, 0x0000000715b80000)
  object space 206336K, 5% used [0x00000005c1200000,0x00000005c1d07218,0x00000005cdb80000)
 Metaspace       used 32904K, capacity 35388K, committed 35496K, reserved 1079296K
  class space    used 4589K, capacity 5044K, committed 5120K, reserved 1048576K
Event: 1.856 GC heap after
Heap after GC invocations=6 (full 2):
 PSYoungGen      total 215552K, used 0K [0x0000000715b80000, 0x0000000724600000, 0x00000007c0000000)
  eden space 194048K, 0% used [0x0000000715b80000,0x0000000715b80000,0x0000000721900000)
  from space 21504K, 0% used [0x0000000722e00000,0x0000000722e00000,0x0000000724300000)
  to   space 21504K, 0% used [0x0000000721900000,0x0000000721900000,0x0000000722e00000)
 ParOldGen       total 350208K, used 17532K [0x00000005c1200000, 0x00000005d6800000, 0x0000000715b80000)
  object space 350208K, 5% used [0x00000005c1200000,0x00000005c231f068,0x00000005d6800000)
 Metaspace       used 32903K, capacity 35386K, committed 35496K, reserved 1079296K
  class space    used 4589K, capacity 5043K, committed 5120K, reserved 1048576K
}
Event: 106.906 GC heap before
{Heap before GC invocations=7 (full 2):
 PSYoungGen      total 215552K, used 194048K [0x0000000715b80000, 0x0000000724600000, 0x00000007c0000000)
  eden space 194048K, 100% used [0x0000000715b80000,0x0000000721900000,0x0000000721900000)
  from space 21504K, 0% used [0x0000000722e00000,0x0000000722e00000,0x0000000724300000)
  to   space 21504K, 0% used [0x0000000721900000,0x0000000721900000,0x0000000722e00000)
 ParOldGen       total 350208K, used 17532K [0x00000005c1200000, 0x00000005d6800000, 0x0000000715b80000)
  object space 350208K, 5% used [0x00000005c1200000,0x00000005c231f068,0x00000005d6800000)
 Metaspace       used 48385K, capacity 51788K, committed 51840K, reserved 1093632K
  class space    used 6655K, capacity 7267K, committed 7296K, reserved 1048576K
Event: 106.914 GC heap after
Heap after GC invocations=7 (full 2):
 PSYoungGen      total 215552K, used 19714K [0x0000000715b80000, 0x0000000726d00000, 0x00000007c0000000)
  eden space 194048K, 0% used [0x0000000715b80000,0x0000000715b80000,0x0000000721900000)
  from space 21504K, 91% used [0x0000000721900000,0x0000000722c40b88,0x0000000722e00000)
  to   space 19968K, 0% used [0x0000000725980000,0x0000000725980000,0x0000000726d00000)
 ParOldGen       total 350208K, used 17604K [0x00000005c1200000, 0x00000005d6800000, 0x0000000715b80000)
  object space 350208K, 5% used [0x00000005c1200000,0x00000005c2331078,0x00000005d6800000)
 Metaspace       used 48385K, capacity 51788K, committed 51840K, reserved 1093632K
  class space    used 6655K, capacity 7267K, committed 7296K, reserved 1048576K
}
Event: 17302.858 GC heap before
{Heap before GC invocations=8 (full 2):
 PSYoungGen      total 215552K, used 213762K [0x0000000715b80000, 0x0000000726d00000, 0x00000007c0000000)
  eden space 194048K, 100% used [0x0000000715b80000,0x0000000721900000,0x0000000721900000)
  from space 21504K, 91% used [0x0000000721900000,0x0000000722c40b88,0x0000000722e00000)
  to   space 19968K, 0% used [0x0000000725980000,0x0000000725980000,0x0000000726d00000)
 ParOldGen       total 350208K, used 17604K [0x00000005c1200000, 0x00000005d6800000, 0x0000000715b80000)
  object space 350208K, 5% used [0x00000005c1200000,0x00000005c2331078,0x00000005d6800000)
 Metaspace       used 52461K, capacity 56246K, committed 56576K, reserved 1097728K
  class space    used 7124K, capacity 7824K, committed 7936K, reserved 1048576K
Event: 17302.867 GC heap after
Heap after GC invocations=8 (full 2):
 PSYoungGen      total 208896K, used 17567K [0x0000000715b80000, 0x0000000726b00000, 0x00000007c0000000)
  eden space 190976K, 0% used [0x0000000715b80000,0x0000000715b80000,0x0000000721600000)
  from space 17920K, 98% used [0x0000000725980000,0x0000000726aa7fe8,0x0000000726b00000)
  to   space 21504K, 0% used [0x0000000724100000,0x0000000724100000,0x0000000725600000)
 ParOldGen       total 350208K, used 17612K [0x00000005c1200000, 0x00000005d6800000, 0x0000000715b80000)
  object space 350208K, 5% used [0x00000005c1200000,0x00000005c2333078,0x00000005d6800000)
 Metaspace       used 52461K, capacity 56246K, committed 56576K, reserved 1097728K
  class space    used 7124K, capacity 7824K, committed 7936K, reserved 1048576K
}

Deoptimization events (0 events):
No events

Classes redefined (0 events):
No events

Internal exceptions (10 events):
Event: 2.794 Thread 0x0000027e69183000 Exception <a 'java/lang/ClassNotFoundException': org/springframework/data/geo/PointBeanInfo> (0x000000071f9ddb70) thrown at [E:\jenkins\tmp\workspace\build\src\hotspot\src\share\vm\classfile\systemDictionary.cpp, line 217]
Event: 2.794 Thread 0x0000027e69183000 Exception <a 'java/lang/ClassNotFoundException': org/springframework/data/geo/PointCustomizer> (0x000000071f9f1230) thrown at [E:\jenkins\tmp\workspace\build\src\hotspot\src\share\vm\classfile\systemDictionary.cpp, line 217]
Event: 2.794 Thread 0x0000027e69183000 Exception <a 'java/lang/ClassNotFoundException': org/springframework/data/mongodb/core/geo/GeoJsonPointCustomizer> (0x000000071fa0f0b8) thrown at [E:\jenkins\tmp\workspace\build\src\hotspot\src\share\vm\classfile\systemDictionary.cpp, line 217]
Event: 106.878 Thread 0x0000027e14572000 Exception <a 'java/lang/NoSuchMethodError': java.lang.Object.lambda$static$0(Lcom/mongodb/client/FindIterable;)Lcom/mongodb/client/FindIterable;> (0x0000000721215680) thrown at [E:\jenkins\tmp\workspace\build\src\hotspot\src\share\vm\interpreter\linkResol
Event: 106.983 Thread 0x0000027e14576000 Exception <a 'java/lang/ClassNotFoundException': java/lang/ObjectCustomizer> (0x0000000716981cc8) thrown at [E:\jenkins\tmp\workspace\build\src\hotspot\src\share\vm\classfile\systemDictionary.cpp, line 217]
Event: 106.984 Thread 0x0000027e14576000 Exception <a 'java/lang/ClassNotFoundException': com/mountain/entity/AggrMobileResultsCustomizer> (0x000000071699d310) thrown at [E:\jenkins\tmp\workspace\build\src\hotspot\src\share\vm\classfile\systemDictionary.cpp, line 217]
Event: 107.051 Thread 0x0000027e14577800 Exception <a 'sun/nio/fs/WindowsException'> (0x0000000716f91820) thrown at [E:\jenkins\tmp\workspace\build\src\hotspot\src\share\vm\prims\jni.cpp, line 711]
Event: 107.051 Thread 0x0000027e14577800 Exception <a 'sun/nio/fs/WindowsException'> (0x0000000716f92240) thrown at [E:\jenkins\tmp\workspace\build\src\hotspot\src\share\vm\prims\jni.cpp, line 711]
Event: 107.052 Thread 0x0000027e14577800 Exception <a 'sun/nio/fs/WindowsException'> (0x0000000716f95110) thrown at [E:\jenkins\tmp\workspace\build\src\hotspot\src\share\vm\prims\jni.cpp, line 711]
Event: 107.052 Thread 0x0000027e14577800 Exception <a 'sun/nio/fs/WindowsException'> (0x0000000716f95bc8) thrown at [E:\jenkins\tmp\workspace\build\src\hotspot\src\share\vm\prims\jni.cpp, line 711]

Events (10 events):
Event: 17302.867 Executing VM operation: RevokeBias done
Event: 17302.867 Executing VM operation: RevokeBias
Event: 17302.867 Executing VM operation: RevokeBias done
Event: 17302.867 Executing VM operation: RevokeBias
Event: 17302.867 Executing VM operation: RevokeBias done
Event: 17302.867 Executing VM operation: RevokeBias
Event: 17302.867 Executing VM operation: RevokeBias done
Event: 17302.867 Executing VM operation: RevokeBias
Event: 17302.867 Executing VM operation: RevokeBias done
Event: 17302.867 Executing VM operation: RevokeBias


Dynamic libraries:
0x00007ff7c0170000 - 0x00007ff7c01aa000 	C:\Program Files\Eclipse Adoptium\jdk-8.0.312.7-hotspot\bin\java.exe
0x00007ffbdfe70000 - 0x00007ffbe0065000 	C:\WINDOWS\SYSTEM32\ntdll.dll
0x00007ffbdfaf0000 - 0x00007ffbdfbae000 	C:\WINDOWS\System32\KERNEL32.DLL
0x00007ffbdda40000 - 0x00007ffbddd08000 	C:\WINDOWS\System32\KERNELBASE.dll
0x00007ffbddf50000 - 0x00007ffbddffc000 	C:\WINDOWS\System32\ADVAPI32.dll
0x00007ffbdef00000 - 0x00007ffbdef9e000 	C:\WINDOWS\System32\msvcrt.dll
0x00007ffbde020000 - 0x00007ffbde0bb000 	C:\WINDOWS\System32\sechost.dll
0x00007ffbde530000 - 0x00007ffbde65a000 	C:\WINDOWS\System32\RPCRT4.dll
0x00007ffbdf530000 - 0x00007ffbdf6d1000 	C:\WINDOWS\System32\USER32.dll
0x00007ffbdd740000 - 0x00007ffbdd762000 	C:\WINDOWS\System32\win32u.dll
0x00007ffbdf500000 - 0x00007ffbdf52b000 	C:\WINDOWS\System32\GDI32.dll
0x00007ffbdd630000 - 0x00007ffbdd73b000 	C:\WINDOWS\System32\gdi32full.dll
0x00007ffbdd590000 - 0x00007ffbdd62d000 	C:\WINDOWS\System32\msvcp_win.dll
0x00007ffbdddc0000 - 0x00007ffbddec0000 	C:\WINDOWS\System32\ucrtbase.dll
0x00007ffbd1950000 - 0x00007ffbd1bea000 	C:\WINDOWS\WinSxS\amd64_microsoft.windows.common-controls_6595b64144ccf1df_6.0.19041.1110_none_60b5254171f9507e\COMCTL32.dll
0x00007ffbde0c0000 - 0x00007ffbde0f0000 	C:\WINDOWS\System32\IMM32.DLL
0x00007ffbb0320000 - 0x00007ffbb040f000 	C:\Program Files\Eclipse Adoptium\jdk-8.0.312.7-hotspot\jre\bin\msvcr120.dll
0x00007ffbcb7f0000 - 0x00007ffbcb896000 	C:\Program Files\Eclipse Adoptium\jdk-8.0.312.7-hotspot\jre\bin\msvcp120.dll
0x0000000051ea0000 - 0x000000005270b000 	C:\Program Files\Eclipse Adoptium\jdk-8.0.312.7-hotspot\jre\bin\server\jvm.dll
0x00007ffbdfbb0000 - 0x00007ffbdfbb8000 	C:\WINDOWS\System32\PSAPI.DLL
0x00007ffb9c6a0000 - 0x00007ffb9c6a9000 	C:\WINDOWS\SYSTEM32\WSOCK32.dll
0x00007ffbd78e0000 - 0x00007ffbd78ea000 	C:\WINDOWS\SYSTEM32\VERSION.dll
0x00007ffbd0e20000 - 0x00007ffbd0e47000 	C:\WINDOWS\SYSTEM32\WINMM.dll
0x00007ffbdee90000 - 0x00007ffbdeefb000 	C:\WINDOWS\System32\WS2_32.dll
0x00007ffbd9480000 - 0x00007ffbd948f000 	C:\Program Files\Eclipse Adoptium\jdk-8.0.312.7-hotspot\jre\bin\verify.dll
0x00007ffbcf810000 - 0x00007ffbcf839000 	C:\Program Files\Eclipse Adoptium\jdk-8.0.312.7-hotspot\jre\bin\java.dll
0x00007ffbcc0e0000 - 0x00007ffbcc10a000 	C:\Program Files\Eclipse Adoptium\jdk-8.0.312.7-hotspot\jre\bin\instrument.dll
0x00007ffbcf7d0000 - 0x00007ffbcf7e6000 	C:\Program Files\Eclipse Adoptium\jdk-8.0.312.7-hotspot\jre\bin\zip.dll
0x00007ffbde730000 - 0x00007ffbdee6f000 	C:\WINDOWS\System32\SHELL32.dll
0x00007ffbdb6b0000 - 0x00007ffbdbe40000 	C:\WINDOWS\SYSTEM32\windows.storage.dll
0x00007ffbdf6e0000 - 0x00007ffbdfa35000 	C:\WINDOWS\System32\combase.dll
0x00007ffbdcfe0000 - 0x00007ffbdd00e000 	C:\WINDOWS\SYSTEM32\Wldp.dll
0x00007ffbde350000 - 0x00007ffbde3fd000 	C:\WINDOWS\System32\SHCORE.dll
0x00007ffbde210000 - 0x00007ffbde265000 	C:\WINDOWS\System32\shlwapi.dll
0x00007ffbdd4d0000 - 0x00007ffbdd4ef000 	C:\WINDOWS\SYSTEM32\profapi.dll
0x00007ffbcc000000 - 0x00007ffbcc01a000 	C:\Program Files\JetBrains\IntelliJ IDEA 2021.1.2\bin\breakgen64.dll
0x00007ffbcc0b0000 - 0x00007ffbcc0ca000 	C:\Program Files\Eclipse Adoptium\jdk-8.0.312.7-hotspot\jre\bin\net.dll
0x00007ffbdcd40000 - 0x00007ffbdcdaa000 	C:\WINDOWS\system32\mswsock.dll
0x00007ffbdca20000 - 0x00007ffbdcaeb000 	C:\WINDOWS\SYSTEM32\DNSAPI.dll
0x00007ffbdc9e0000 - 0x00007ffbdca1b000 	C:\WINDOWS\SYSTEM32\IPHLPAPI.DLL
0x00007ffbde000000 - 0x00007ffbde008000 	C:\WINDOWS\System32\NSI.dll
0x00007ffbd7040000 - 0x00007ffbd704a000 	C:\Windows\System32\rasadhlp.dll
0x00007ffbd68b0000 - 0x00007ffbd692f000 	C:\WINDOWS\System32\fwpuclnt.dll
0x00007ffbdd770000 - 0x00007ffbdd797000 	C:\WINDOWS\System32\bcrypt.dll
0x00007ffbcbdc0000 - 0x00007ffbcbdcd000 	C:\Program Files\Eclipse Adoptium\jdk-8.0.312.7-hotspot\jre\bin\management.dll
0x00007ffbcc020000 - 0x00007ffbcc032000 	C:\Program Files\Eclipse Adoptium\jdk-8.0.312.7-hotspot\jre\bin\nio.dll
0x00007ffbdcf40000 - 0x00007ffbdcf58000 	C:\WINDOWS\SYSTEM32\CRYPTSP.dll
0x00007ffbdc650000 - 0x00007ffbdc684000 	C:\WINDOWS\system32\rsaenh.dll
0x00007ffbdd490000 - 0x00007ffbdd4be000 	C:\WINDOWS\SYSTEM32\USERENV.dll
0x00007ffbdd7a0000 - 0x00007ffbdd823000 	C:\WINDOWS\System32\bcryptprimitives.dll
0x00007ffbdcf30000 - 0x00007ffbdcf3c000 	C:\WINDOWS\SYSTEM32\CRYPTBASE.dll
0x00007ffbd78f0000 - 0x00007ffbd7907000 	C:\WINDOWS\SYSTEM32\dhcpcsvc6.DLL
0x00007ffbd7750000 - 0x00007ffbd776d000 	C:\WINDOWS\SYSTEM32\dhcpcsvc.DLL
0x00007ffbce0d0000 - 0x00007ffbce0e7000 	C:\WINDOWS\system32\napinsp.dll
0x00007ffbce0b0000 - 0x00007ffbce0cb000 	C:\WINDOWS\system32\pnrpnsp.dll
0x00007ffbd9330000 - 0x00007ffbd934d000 	C:\WINDOWS\system32\NLAapi.dll
0x00007ffbd7fa0000 - 0x00007ffbd7fb5000 	C:\WINDOWS\system32\wshbth.dll
0x00007ffbce090000 - 0x00007ffbce0a2000 	C:\WINDOWS\System32\winrnr.dll
0x00007ffbb21f0000 - 0x00007ffbb2213000 	C:\Program Files\Eclipse Adoptium\jdk-8.0.312.7-hotspot\jre\bin\sunec.dll
0x00007ffbc0e90000 - 0x00007ffbc0e9c000 	C:\Program Files\Eclipse Adoptium\jdk-8.0.312.7-hotspot\jre\bin\sunmscapi.dll
0x00007ffbdd880000 - 0x00007ffbdd9d6000 	C:\WINDOWS\System32\CRYPT32.dll
0x00007ffbdd050000 - 0x00007ffbdd077000 	C:\WINDOWS\SYSTEM32\ncrypt.dll
0x00007ffbdd010000 - 0x00007ffbdd04b000 	C:\WINDOWS\SYSTEM32\NTASN1.dll
0x00007ffb5c330000 - 0x00007ffb5deb9000 	C:\Users\mountainINblack\AppData\Local\Temp\ortools-java4289933478759867639\win32-x86-64\jniortools.dll
0x00007ffbd2240000 - 0x00007ffbd22d1000 	C:\WINDOWS\SYSTEM32\MSVCP140.dll
0x00007ffbd1eb0000 - 0x00007ffbd2094000 	C:\WINDOWS\SYSTEM32\dbghelp.dll
0x00007ffbd2480000 - 0x00007ffbd2499000 	C:\WINDOWS\SYSTEM32\VCRUNTIME140.dll
0x00007ffbd3720000 - 0x00007ffbd372c000 	C:\WINDOWS\SYSTEM32\VCRUNTIME140_1.dll

VM Arguments:
jvm_args: -XX:TieredStopAtLevel=1 -Xverify:none -Dspring.output.ansi.enabled=always -javaagent:C:\Program Files\JetBrains\IntelliJ IDEA 2021.1.2\lib\idea_rt.jar=56259:C:\Program Files\JetBrains\IntelliJ IDEA 2021.1.2\bin -Dcom.sun.management.jmxremote -Dspring.jmx.enabled=true -Dspring.liveBeansView.mbeanDomain -Dspring.application.admin.enabled=true -Dfile.encoding=UTF-8 
java_command: com.mountain.MountainApplication
java_class_path (initial): C:\Program Files\Eclipse Adoptium\jdk-8.0.312.7-hotspot\jre\lib\charsets.jar;C:\Program Files\Eclipse Adoptium\jdk-8.0.312.7-hotspot\jre\lib\ext\access-bridge-64.jar;C:\Program Files\Eclipse Adoptium\jdk-8.0.312.7-hotspot\jre\lib\ext\cldrdata.jar;C:\Program Files\Eclipse Adoptium\jdk-8.0.312.7-hotspot\jre\lib\ext\dnsns.jar;C:\Program Files\Eclipse Adoptium\jdk-8.0.312.7-hotspot\jre\lib\ext\jaccess.jar;C:\Program Files\Eclipse Adoptium\jdk-8.0.312.7-hotspot\jre\lib\ext\localedata.jar;C:\Program Files\Eclipse Adoptium\jdk-8.0.312.7-hotspot\jre\lib\ext\nashorn.jar;C:\Program Files\Eclipse Adoptium\jdk-8.0.312.7-hotspot\jre\lib\ext\sunec.jar;C:\Program Files\Eclipse Adoptium\jdk-8.0.312.7-hotspot\jre\lib\ext\sunjce_provider.jar;C:\Program Files\Eclipse Adoptium\jdk-8.0.312.7-hotspot\jre\lib\ext\sunmscapi.jar;C:\Program Files\Eclipse Adoptium\jdk-8.0.312.7-hotspot\jre\lib\ext\sunpkcs11.jar;C:\Program Files\Eclipse Adoptium\jdk-8.0.312.7-hotspot\jre\lib\ext\zipfs.jar;C:\Program Files\Eclipse Adoptium\jdk-8.0.312.7-hotspot\jre\lib\jce.jar;C:\Program Files\Eclipse Adoptium\jdk-8.0.312.7-hotspot\jre\lib\jfr.jar;C:\Program Files\Eclipse Adoptium\jdk-8.0.312.7-hotspot\jre\lib\jsse.jar;C:\Program Files\Eclipse Adoptium\jdk-8.0.312.7-hotspot\jre\lib\management-agent.jar;C:\Program Files\Eclipse Adoptium\jdk-8.0.312.7-hotspot\jre\lib\resources.jar;C:\Program Files\Eclipse Adoptium\jdk-8.0.312.7-hotspot\jre\lib\rt.jar;F:\WebProject\Mountain\target\classes;D:\Program Files\Maven\Repository\org\springframework\boot\spring-boot-starter-web\2.4.5\spring-boot-starter-web-2.4.5.jar;D:\Program Files\Maven\Repository\org\springframework\boot\spring-boot-starter\2.4.5\spring-boot-starter-2.4.5.jar;D:\Program Files\Maven\Repository\org\springframework\boot\spring-boot\2.4.5\spring-boot-2.4.5.jar;D:\Program Files\Maven\Repository\org\springframework\boot\spring-boot-starter-logging\2.4.5\spring-boot-starter-logging-2.4.5.jar;D:\Program Files\Maven\Repository\ch\q
Launcher Type: SUN_STANDARD

Environment Variables:
JAVA_HOME=C:\Program Files\Java\jdk1.8.0_144
PATH=C:\Program Files\Eclipse Adoptium\jdk-8.0.312.7-hotspot\bin;C:\Program Files\Eclipse Foundation\jdk-11.0.12.7-hotspot\bin;D:\ProgramData\Anaconda3;D:\ProgramData\Anaconda3\Library\mingw-w64\bin;D:\ProgramData\Anaconda3\Library\usr\bin;D:\ProgramData\Anaconda3\Library\bin;D:\ProgramData\Anaconda3\Scripts;D:\Program Files\Python38\Scripts\;D:\Program Files\Python38\;D:\Program Files (x86)\VMware\VMware Workstation\bin\;C:\Program Files (x86)\Common Files\Oracle\Java\javapath;C:\ProgramData\Oracle\Java\javapath;C:\WINDOWS\system32;C:\WINDOWS;C:\WINDOWS\System32\Wbem;C:\WINDOWS\System32\WindowsPowerShell\v1.0\;C:\WINDOWS\System32\OpenSSH\;D:\Program Files\Maven\apache-maven-3.8.1\bin;C:\Program Files\MySQL\MySQL Server 8.0\bin;C:\Program Files\Java\jdk1.8.0_144\bin;D:\Program Files\Python38;D:\Program Files\nodejs\;C:\Program Files (x86)\NetSarang\Xshell 7\;C:\MinGW\bin;C:\Program Files\Git\cmd;C:\Program Files\MySQL\MySQL Shell 8.0\bin\;C:\Users\mountainINblack\AppData\Local\Microsoft\WindowsApps;;C:\Program Files\JetBrains\IntelliJ IDEA 2021.1.2\bin;;C:\Program Files\JetBrains\WebStorm 2021.1.3\bin;;C:\Users\mountainINblack\AppData\Roaming\npm;D:\Program Files\JetBrains\PyCharm 2021.2.1\bin;;C:\Users\mountainINblack\AppData\Local\Programs\Microsoft VS Code\bin
USERNAME=mountainINblack
OS=Windows_NT
PROCESSOR_IDENTIFIER=Intel64 Family 6 Model 165 Stepping 5, GenuineIntel



---------------  S Y S T E M  ---------------

OS: Windows 10.0 , 64 bit Build 19041 (10.0.19041.1348)

CPU:total 16 (initial active 16) (8 cores per cpu, 2 threads per core) family 6 model 165 stepping 5, cmov, cx8, fxsr, mmx, sse, sse2, sse3, ssse3, sse4.1, sse4.2, popcnt, avx, avx2, aes, clmul, erms, 3dnowpref, lzcnt, ht, tsc, tscinvbit, bmi1, bmi2, adx

Memory: 4k page, physical 33474576k(17697240k free), swap 40290320k(15422296k free)

vm_info: OpenJDK 64-Bit Server VM (25.312-b07) for windows-amd64 JRE (1.8.0_312-b07), built on Oct 19 2021 15:47:56 by "jenkins" with MS VC++ 12.0 (VS2013)

time: Mon Nov 22 14:24:21 2021
timezone: ?D1¨²¡À¨º¡Á?¨º¡À??
elapsed time: 17302.871779 seconds (0d 4h 48m 22s)

