#
# A fatal error has been detected by the Java Runtime Environment:
#
#  Internal Error (safepoint.cpp:848), pid=23744, tid=0x00000000000027b0
#  fatal error: Illegal threadstate encountered: 4
#
# JRE version: OpenJDK Runtime Environment (8.0_312-b07) (build 1.8.0_312-b07)
# Java VM: OpenJDK 64-Bit Server VM (25.312-b07 mixed mode windows-amd64 compressed oops)
# Failed to write core dump. Minidumps are not enabled by default on client versions of Windows
#
# If you would like to submit a bug report, please visit:
#   https://github.com/adoptium/adoptium-support/issues
# The crash happened outside the Java Virtual Machine in native code.
# See problematic frame for where to report the bug.
#

---------------  T H R E A D  ---------------

Current thread (0x0000021faed66000):  JavaThread "Finalizer" daemon [_thread_in_native, id=10160, stack(0x00000026d6500000,0x00000026d6600000)]

Stack: [0x00000026d6500000,0x00000026d6600000]
[error occurred during error reporting (printing stack bounds), id 0xc0000005]

Native frames: (J=compiled Java code, j=interpreted, Vv=VM code, C=native code)

Java frames: (J=compiled Java code, j=interpreted, Vv=VM code)
j  com.google.ortools.constraintsolver.mainJNI.delete_RoutingModel(J)V+0
j  com.google.ortools.constraintsolver.RoutingModel.delete()V+25
j  com.google.ortools.constraintsolver.RoutingModel.finalize()V+1
J 2032 C1 java.lang.ref.Finalizer.runFinalizer(Lsun/misc/JavaLangAccess;)V (62 bytes) @ 0x0000021f89bbb904 [0x0000021f89bbb700+0x204]
J 2030 C1 java.lang.ref.Finalizer.access$100(Ljava/lang/ref/Finalizer;Lsun/misc/JavaLangAccess;)V (6 bytes) @ 0x0000021f89bbb3f4 [0x0000021f89bbb3e0+0x14]
j  java.lang.ref.Finalizer$FinalizerThread.run()V+45
v  ~StubRoutines::call_stub

---------------  P R O C E S S  ---------------

Java Threads: ( => current thread )
  0x0000021fb2b2e800 JavaThread "WebSocket background processing" daemon [_thread_blocked, id=1688, stack(0x00000026d5300000,0x00000026d5400000)]
  0x0000021fb2b2f800 JavaThread "System Clock" daemon [_thread_blocked, id=4968, stack(0x00000026d9300000,0x00000026d9400000)]
  0x0000021fb2b2e000 JavaThread "DestroyJavaVM" [_thread_blocked, id=18056, stack(0x00000026d5500000,0x00000026d5600000)]
  0x0000021fb2b23800 JavaThread "http-nio-8085-Acceptor" daemon [_thread_in_native, id=34528, stack(0x00000026d8f00000,0x00000026d9000000)]
  0x0000021fb2b2a800 JavaThread "http-nio-8085-ClientPoller" daemon [_thread_in_native, id=25592, stack(0x00000026d8e00000,0x00000026d8f00000)]
  0x0000021fb2b2a000 JavaThread "http-nio-8085-exec-10" daemon [_thread_blocked, id=3352, stack(0x00000026d8d00000,0x00000026d8e00000)]
  0x0000021fb2b22000 JavaThread "http-nio-8085-exec-9" daemon [_thread_blocked, id=15940, stack(0x00000026d8c00000,0x00000026d8d00000)]
  0x0000021fb2b29000 JavaThread "http-nio-8085-exec-8" daemon [_thread_in_native, id=34160, stack(0x00000026d8b00000,0x00000026d8c00000)]
  0x0000021fb2b26800 JavaThread "http-nio-8085-exec-7" daemon [_thread_blocked, id=38996, stack(0x00000026d8a00000,0x00000026d8b00000)]
  0x0000021fb2b25000 JavaThread "http-nio-8085-exec-6" daemon [_thread_blocked, id=5456, stack(0x00000026d8900000,0x00000026d8a00000)]
  0x0000021fb2b23000 JavaThread "http-nio-8085-exec-5" daemon [_thread_blocked, id=47024, stack(0x00000026d8800000,0x00000026d8900000)]
  0x0000021fb2b28800 JavaThread "http-nio-8085-exec-4" daemon [_thread_blocked, id=18840, stack(0x00000026d8700000,0x00000026d8800000)]
  0x0000021fb2b26000 JavaThread "http-nio-8085-exec-3" daemon [_thread_in_native, id=35504, stack(0x00000026d8600000,0x00000026d8700000)]
  0x0000021fb2b24800 JavaThread "http-nio-8085-exec-2" daemon [_thread_blocked, id=26372, stack(0x00000026d8500000,0x00000026d8600000)]
  0x0000021fb2b27800 JavaThread "http-nio-8085-exec-1" daemon [_thread_in_native_trans, id=47884, stack(0x00000026d8400000,0x00000026d8500000)]
  0x0000021faf2a1800 JavaThread "http-nio-8085-BlockPoller" daemon [_thread_in_native, id=26432, stack(0x00000026d8300000,0x00000026d8400000)]
  0x0000021faf2a0800 JavaThread "HikariPool-1 housekeeper" daemon [_thread_blocked, id=47552, stack(0x00000026d8100000,0x00000026d8200000)]
  0x0000021faf29e800 JavaThread "mysql-cj-abandoned-connection-cleanup" daemon [_thread_blocked, id=43856, stack(0x00000026d8000000,0x00000026d8100000)]
  0x0000021fb0a3f800 JavaThread "cluster-rtt-ClusterId{value='61ac8e36dda913679de17c30', description='null'}-127.0.0.1:27017" daemon [_thread_blocked, id=11352, stack(0x00000026d7e00000,0x00000026d7f00000)]
  0x0000021fb0a3e800 JavaThread "cluster-ClusterId{value='61ac8e36dda913679de17c30', description='null'}-127.0.0.1:27017" daemon [_thread_in_native, id=24660, stack(0x00000026d7d00000,0x00000026d7e00000)]
  0x0000021fb0a1e000 JavaThread "container-0" [_thread_blocked, id=35816, stack(0x00000026d7c00000,0x00000026d7d00000)]
  0x0000021fb0a1d800 JavaThread "Catalina-utility-2" [_thread_blocked, id=6056, stack(0x00000026d7b00000,0x00000026d7c00000)]
  0x0000021fb09cc800 JavaThread "Catalina-utility-1" [_thread_blocked, id=37488, stack(0x00000026d7a00000,0x00000026d7b00000)]
  0x0000021fb0734000 JavaThread "RMI Scheduler(0)" daemon [_thread_blocked, id=45668, stack(0x00000026d7900000,0x00000026d7a00000)]
  0x0000021faf5e4000 JavaThread "RMI TCP Accept-0" daemon [_thread_in_native, id=2100, stack(0x00000026d7600000,0x00000026d7700000)]
  0x0000021faf30f000 JavaThread "Service Thread" daemon [_thread_blocked, id=29236, stack(0x00000026d7500000,0x00000026d7600000)]
  0x0000021faf2a5800 JavaThread "C1 CompilerThread11" daemon [_thread_blocked, id=34672, stack(0x00000026d7400000,0x00000026d7500000)]
  0x0000021faf2a0000 JavaThread "C1 CompilerThread10" daemon [_thread_blocked, id=15192, stack(0x00000026d7300000,0x00000026d7400000)]
  0x0000021faf2a4800 JavaThread "C1 CompilerThread9" daemon [_thread_blocked, id=12312, stack(0x00000026d7200000,0x00000026d7300000)]
  0x0000021faf2a4000 JavaThread "C1 CompilerThread8" daemon [_thread_blocked, id=31500, stack(0x00000026d7100000,0x00000026d7200000)]
  0x0000021faf27b800 JavaThread "C2 CompilerThread7" daemon [_thread_blocked, id=46024, stack(0x00000026d7000000,0x00000026d7100000)]
  0x0000021faf258800 JavaThread "C2 CompilerThread6" daemon [_thread_blocked, id=41964, stack(0x00000026d6f00000,0x00000026d7000000)]
  0x0000021faf250000 JavaThread "C2 CompilerThread5" daemon [_thread_blocked, id=10080, stack(0x00000026d6e00000,0x00000026d6f00000)]
  0x0000021faf24f000 JavaThread "C2 CompilerThread4" daemon [_thread_blocked, id=38348, stack(0x00000026d6d00000,0x00000026d6e00000)]
  0x0000021faf242800 JavaThread "C2 CompilerThread3" daemon [_thread_blocked, id=42180, stack(0x00000026d6c00000,0x00000026d6d00000)]
  0x0000021faf23b800 JavaThread "C2 CompilerThread2" daemon [_thread_blocked, id=37928, stack(0x00000026d6b00000,0x00000026d6c00000)]
  0x0000021faf237000 JavaThread "C2 CompilerThread1" daemon [_thread_blocked, id=24712, stack(0x00000026d6a00000,0x00000026d6b00000)]
  0x0000021faf236000 JavaThread "C2 CompilerThread0" daemon [_thread_blocked, id=49628, stack(0x00000026d6900000,0x00000026d6a00000)]
  0x0000021faf1b9800 JavaThread "Monitor Ctrl-Break" daemon [_thread_in_native, id=49480, stack(0x00000026d6800000,0x00000026d6900000)]
  0x0000021faedee000 JavaThread "Attach Listener" daemon [_thread_blocked, id=30136, stack(0x00000026d6700000,0x00000026d6800000)]
  0x0000021faed9a000 JavaThread "Signal Dispatcher" daemon [_thread_blocked, id=45128, stack(0x00000026d6600000,0x00000026d6700000)]
=>0x0000021faed66000 JavaThread "Finalizer" daemon [_thread_in_native, id=10160, stack(0x00000026d6500000,0x00000026d6600000)]
  0x0000021fac136000 JavaThread "Reference Handler" daemon [_thread_blocked, id=47672, stack(0x00000026d6400000,0x00000026d6500000)]

Other Threads:
  0x0000021fac12e800 VMThread [stack: 0x00000026d6300000,0x00000026d6400000] [id=42012]
  0x0000021faf5ea000 WatcherThread [stack: 0x00000026d7700000,0x00000026d7800000] [id=15844]

VM state:synchronizing (normal execution)

VM Mutex/Monitor currently owned by a thread:  ([mutex/lock_event])
[0x0000021f878100a0] Safepoint_lock - owner thread: 0x0000021fac12e800
[0x0000021f8780f2a0] Threads_lock - owner thread: 0x0000021fac12e800

heap address: 0x00000005c1200000, size: 8174 MB, Compressed Oops mode: Zero based, Oop shift amount: 3
Narrow klass base: 0x0000000000000000, Narrow klass shift: 3
Compressed class space size: 1073741824 Address: 0x00000007c0000000

Heap:
 PSYoungGen      total 180224K, used 13692K [0x0000000715b80000, 0x0000000723380000, 0x00000007c0000000)
  eden space 166912K, 0% used [0x0000000715b80000,0x0000000715c4d340,0x000000071fe80000)
  from space 13312K, 96% used [0x0000000722680000,0x0000000723311e60,0x0000000723380000)
  to   space 19456K, 0% used [0x0000000720d80000,0x0000000720d80000,0x0000000722080000)
 ParOldGen       total 354816K, used 31241K [0x00000005c1200000, 0x00000005d6c80000, 0x0000000715b80000)
  object space 354816K, 8% used [0x00000005c1200000,0x00000005c3082448,0x00000005d6c80000)
 Metaspace       used 52929K, capacity 56740K, committed 56832K, reserved 1097728K
  class space    used 7159K, capacity 7863K, committed 7936K, reserved 1048576K

Card table byte_map: [0x0000021f989a0000,0x0000021f999a0000] byte_map_base: 0x0000021f95b97000

Marking Bits: (ParMarkBitMap*) 0x000000005206c860
 Begin Bits: [0x0000021f9a450000, 0x0000021fa2408000)
 End Bits:   [0x0000021fa2408000, 0x0000021faa3c0000)

Polling page: 0x0000021f87a50000

CodeCache: size=245760Kb used=20757Kb max_used=20757Kb free=225002Kb
 bounds [0x0000021f895e0000, 0x0000021f8aa30000, 0x0000021f985e0000]
 total_blobs=11097 nmethods=10411 adapters=593
 compilation: enabled

Compilation events (10 events):
Event: 185010.865 Thread 0x0000021faf2a0000 10535       1       org.apache.catalina.connector.RequestFacade::getHeader (32 bytes)
Event: 185010.865 Thread 0x0000021faf2a4000 10536       1       org.apache.catalina.connector.Request::getHeader (9 bytes)
Event: 185010.865 Thread 0x0000021faf2a4000 nmethod 10536 0x0000021f8aa26290 code [0x0000021f8aa26400, 0x0000021f8aa265a0]
Event: 185010.865 Thread 0x0000021faf2a0000 nmethod 10535 0x0000021f8aa26710 code [0x0000021f8aa268a0, 0x0000021f8aa26b00]
Event: 185054.666 Thread 0x0000021faf2a4800 10537       1       java.util.concurrent.atomic.AtomicReferenceArray::getAndSet (17 bytes)
Event: 185054.666 Thread 0x0000021faf2a0000 10538       1       org.springframework.core.GenericTypeResolver::resolveType (212 bytes)
Event: 185054.666 Thread 0x0000021faf2a4800 nmethod 10537 0x0000021f8aa26d50 code [0x0000021f8aa26ea0, 0x0000021f8aa27010]
Event: 185054.666 Thread 0x0000021faf2a5800 10539       1       com.fasterxml.jackson.core.io.IOContext::isResourceManaged (5 bytes)
Event: 185054.666 Thread 0x0000021faf2a5800 nmethod 10539 0x0000021f8aa27090 code [0x0000021f8aa271e0, 0x0000021f8aa272f8]
Event: 185054.666 Thread 0x0000021faf2a0000 nmethod 10538 0x0000021f8aa27350 code [0x0000021f8aa275a0, 0x0000021f8aa27f10]

GC Heap History (10 events):
Event: 112902.220 GC heap before
{Heap before GC invocations=12 (full 2):
 PSYoungGen      total 196096K, used 195995K [0x0000000715b80000, 0x0000000724d00000, 0x00000007c0000000)
  eden space 180224K, 100% used [0x0000000715b80000,0x0000000720b80000,0x0000000720b80000)
  from space 15872K, 99% used [0x0000000722f00000,0x0000000723e66fd0,0x0000000723e80000)
  to   space 14848K, 0% used [0x0000000723e80000,0x0000000723e80000,0x0000000724d00000)
 ParOldGen       total 354816K, used 23007K [0x00000005c1200000, 0x00000005d6c80000, 0x0000000715b80000)
  object space 354816K, 6% used [0x00000005c1200000,0x00000005c2877cc0,0x00000005d6c80000)
 Metaspace       used 51671K, capacity 55348K, committed 55552K, reserved 1097728K
  class space    used 7009K, capacity 7651K, committed 7680K, reserved 1048576K
Event: 112902.234 GC heap after
Heap after GC invocations=12 (full 2):
 PSYoungGen      total 192000K, used 14827K [0x0000000715b80000, 0x0000000724d00000, 0x00000007c0000000)
  eden space 177152K, 0% used [0x0000000715b80000,0x0000000715b80000,0x0000000720880000)
  from space 14848K, 99% used [0x0000000723e80000,0x0000000724cfaf80,0x0000000724d00000)
  to   space 19968K, 0% used [0x0000000722600000,0x0000000722600000,0x0000000723980000)
 ParOldGen       total 354816K, used 24071K [0x00000005c1200000, 0x00000005d6c80000, 0x0000000715b80000)
  object space 354816K, 6% used [0x00000005c1200000,0x00000005c2981ce0,0x00000005d6c80000)
 Metaspace       used 51671K, capacity 55348K, committed 55552K, reserved 1097728K
  class space    used 7009K, capacity 7651K, committed 7680K, reserved 1048576K
}
Event: 136742.574 GC heap before
{Heap before GC invocations=13 (full 2):
 PSYoungGen      total 192000K, used 191979K [0x0000000715b80000, 0x0000000724d00000, 0x00000007c0000000)
  eden space 177152K, 100% used [0x0000000715b80000,0x0000000720880000,0x0000000720880000)
  from space 14848K, 99% used [0x0000000723e80000,0x0000000724cfaf80,0x0000000724d00000)
  to   space 19968K, 0% used [0x0000000722600000,0x0000000722600000,0x0000000723980000)
 ParOldGen       total 354816K, used 24071K [0x00000005c1200000, 0x00000005d6c80000, 0x0000000715b80000)
  object space 354816K, 6% used [0x00000005c1200000,0x00000005c2981ce0,0x00000005d6c80000)
 Metaspace       used 51671K, capacity 55348K, committed 55552K, reserved 1097728K
  class space    used 7009K, capacity 7651K, committed 7680K, reserved 1048576K
Event: 136742.583 GC heap after
Heap after GC invocations=13 (full 2):
 PSYoungGen      total 190976K, used 16268K [0x0000000715b80000, 0x0000000723f00000, 0x00000007c0000000)
  eden space 174592K, 0% used [0x0000000715b80000,0x0000000715b80000,0x0000000720600000)
  from space 16384K, 99% used [0x0000000722600000,0x00000007235e3100,0x0000000723600000)
  to   space 9216K, 0% used [0x0000000723600000,0x0000000723600000,0x0000000723f00000)
 ParOldGen       total 354816K, used 24079K [0x00000005c1200000, 0x00000005d6c80000, 0x0000000715b80000)
  object space 354816K, 6% used [0x00000005c1200000,0x00000005c2983ce0,0x00000005d6c80000)
 Metaspace       used 51671K, capacity 55348K, committed 55552K, reserved 1097728K
  class space    used 7009K, capacity 7651K, committed 7680K, reserved 1048576K
}
Event: 159219.733 GC heap before
{Heap before GC invocations=14 (full 2):
 PSYoungGen      total 190976K, used 190860K [0x0000000715b80000, 0x0000000723f00000, 0x00000007c0000000)
  eden space 174592K, 100% used [0x0000000715b80000,0x0000000720600000,0x0000000720600000)
  from space 16384K, 99% used [0x0000000722600000,0x00000007235e3100,0x0000000723600000)
  to   space 9216K, 0% used [0x0000000723600000,0x0000000723600000,0x0000000723f00000)
 ParOldGen       total 354816K, used 24079K [0x00000005c1200000, 0x00000005d6c80000, 0x0000000715b80000)
  object space 354816K, 6% used [0x00000005c1200000,0x00000005c2983ce0,0x00000005d6c80000)
 Metaspace       used 51797K, capacity 55514K, committed 55680K, reserved 1097728K
  class space    used 7025K, capacity 7684K, committed 7808K, reserved 1048576K
Event: 159219.756 GC heap after
Heap after GC invocations=14 (full 2):
 PSYoungGen      total 181248K, used 9201K [0x0000000715b80000, 0x0000000723f00000, 0x00000007c0000000)
  eden space 172032K, 0% used [0x0000000715b80000,0x0000000715b80000,0x0000000720380000)
  from space 9216K, 99% used [0x0000000723600000,0x0000000723efc6e0,0x0000000723f00000)
  to   space 19968K, 0% used [0x0000000721800000,0x0000000721800000,0x0000000722b80000)
 ParOldGen       total 354816K, used 31225K [0x00000005c1200000, 0x00000005d6c80000, 0x0000000715b80000)
  object space 354816K, 8% used [0x00000005c1200000,0x00000005c307e448,0x00000005d6c80000)
 Metaspace       used 51797K, capacity 55514K, committed 55680K, reserved 1097728K
  class space    used 7025K, capacity 7684K, committed 7808K, reserved 1048576K
}
Event: 181674.042 GC heap before
{Heap before GC invocations=15 (full 2):
 PSYoungGen      total 181248K, used 181233K [0x0000000715b80000, 0x0000000723f00000, 0x00000007c0000000)
  eden space 172032K, 100% used [0x0000000715b80000,0x0000000720380000,0x0000000720380000)
  from space 9216K, 99% used [0x0000000723600000,0x0000000723efc6e0,0x0000000723f00000)
  to   space 19968K, 0% used [0x0000000721800000,0x0000000721800000,0x0000000722b80000)
 ParOldGen       total 354816K, used 31225K [0x00000005c1200000, 0x00000005d6c80000, 0x0000000715b80000)
  object space 354816K, 8% used [0x00000005c1200000,0x00000005c307e448,0x00000005d6c80000)
 Metaspace       used 51812K, capacity 55544K, committed 55680K, reserved 1097728K
  class space    used 7027K, capacity 7689K, committed 7808K, reserved 1048576K
Event: 181674.068 GC heap after
Heap after GC invocations=15 (full 2):
 PSYoungGen      total 184320K, used 14787K [0x0000000715b80000, 0x0000000723680000, 0x00000007c0000000)
  eden space 169472K, 0% used [0x0000000715b80000,0x0000000715b80000,0x0000000720100000)
  from space 14848K, 99% used [0x0000000721800000,0x0000000722670e90,0x0000000722680000)
  to   space 16384K, 0% used [0x0000000722680000,0x0000000722680000,0x0000000723680000)
 ParOldGen       total 354816K, used 31233K [0x00000005c1200000, 0x00000005d6c80000, 0x0000000715b80000)
  object space 354816K, 8% used [0x00000005c1200000,0x00000005c3080448,0x00000005d6c80000)
 Metaspace       used 51812K, capacity 55544K, committed 55680K, reserved 1097728K
  class space    used 7027K, capacity 7689K, committed 7808K, reserved 1048576K
}
Event: 185054.687 GC heap before
{Heap before GC invocations=16 (full 2):
 PSYoungGen      total 184320K, used 184259K [0x0000000715b80000, 0x0000000723680000, 0x00000007c0000000)
  eden space 169472K, 100% used [0x0000000715b80000,0x0000000720100000,0x0000000720100000)
  from space 14848K, 99% used [0x0000000721800000,0x0000000722670e90,0x0000000722680000)
  to   space 16384K, 0% used [0x0000000722680000,0x0000000722680000,0x0000000723680000)
 ParOldGen       total 354816K, used 31233K [0x00000005c1200000, 0x00000005d6c80000, 0x0000000715b80000)
  object space 354816K, 8% used [0x00000005c1200000,0x00000005c3080448,0x00000005d6c80000)
 Metaspace       used 52929K, capacity 56740K, committed 56832K, reserved 1097728K
  class space    used 7159K, capacity 7863K, committed 7936K, reserved 1048576K
Event: 185054.704 GC heap after
Heap after GC invocations=16 (full 2):
 PSYoungGen      total 180224K, used 12871K [0x0000000715b80000, 0x0000000723380000, 0x00000007c0000000)
  eden space 166912K, 0% used [0x0000000715b80000,0x0000000715b80000,0x000000071fe80000)
  from space 13312K, 96% used [0x0000000722680000,0x0000000723311e60,0x0000000723380000)
  to   space 19456K, 0% used [0x0000000720d80000,0x0000000720d80000,0x0000000722080000)
 ParOldGen       total 354816K, used 31241K [0x00000005c1200000, 0x00000005d6c80000, 0x0000000715b80000)
  object space 354816K, 8% used [0x00000005c1200000,0x00000005c3082448,0x00000005d6c80000)
 Metaspace       used 52929K, capacity 56740K, committed 56832K, reserved 1097728K
  class space    used 7159K, capacity 7863K, committed 7936K, reserved 1048576K
}

Deoptimization events (0 events):
No events

Classes redefined (0 events):
No events

Internal exceptions (10 events):
Event: 2.756 Thread 0x0000021f87812800 Exception <a 'java/lang/ClassNotFoundException': org/springframework/data/geo/PointBeanInfo> (0x000000071fba1698) thrown at [E:\jenkins\tmp\workspace\build\src\hotspot\src\share\vm\classfile\systemDictionary.cpp, line 217]
Event: 2.756 Thread 0x0000021f87812800 Exception <a 'java/lang/ClassNotFoundException': org/springframework/data/geo/PointCustomizer> (0x000000071fbb4d58) thrown at [E:\jenkins\tmp\workspace\build\src\hotspot\src\share\vm\classfile\systemDictionary.cpp, line 217]
Event: 2.756 Thread 0x0000021f87812800 Exception <a 'java/lang/ClassNotFoundException': org/springframework/data/mongodb/core/geo/GeoJsonPointCustomizer> (0x000000071fbd2be0) thrown at [E:\jenkins\tmp\workspace\build\src\hotspot\src\share\vm\classfile\systemDictionary.cpp, line 217]
Event: 57.103 Thread 0x0000021fb2b26000 Exception <a 'java/lang/NoSuchMethodError': java.lang.Object.lambda$static$0(Lcom/mongodb/client/FindIterable;)Lcom/mongodb/client/FindIterable;> (0x0000000716a2d300) thrown at [E:\jenkins\tmp\workspace\build\src\hotspot\src\share\vm\interpreter\linkResol
Event: 57.156 Thread 0x0000021fb2b28800 Exception <a 'java/lang/ClassNotFoundException': java/lang/ObjectCustomizer> (0x00000007172da300) thrown at [E:\jenkins\tmp\workspace\build\src\hotspot\src\share\vm\classfile\systemDictionary.cpp, line 217]
Event: 57.157 Thread 0x0000021fb2b28800 Exception <a 'java/lang/ClassNotFoundException': com/mountain/entity/AggrMobileResultsCustomizer> (0x00000007172f5950) thrown at [E:\jenkins\tmp\workspace\build\src\hotspot\src\share\vm\classfile\systemDictionary.cpp, line 217]
Event: 57.216 Thread 0x0000021fb2b23000 Exception <a 'sun/nio/fs/WindowsException'> (0x00000007177c0258) thrown at [E:\jenkins\tmp\workspace\build\src\hotspot\src\share\vm\prims\jni.cpp, line 711]
Event: 57.216 Thread 0x0000021fb2b23000 Exception <a 'sun/nio/fs/WindowsException'> (0x00000007177c0c78) thrown at [E:\jenkins\tmp\workspace\build\src\hotspot\src\share\vm\prims\jni.cpp, line 711]
Event: 57.216 Thread 0x0000021fb2b23000 Exception <a 'sun/nio/fs/WindowsException'> (0x00000007177c3b48) thrown at [E:\jenkins\tmp\workspace\build\src\hotspot\src\share\vm\prims\jni.cpp, line 711]
Event: 57.216 Thread 0x0000021fb2b23000 Exception <a 'sun/nio/fs/WindowsException'> (0x00000007177c4600) thrown at [E:\jenkins\tmp\workspace\build\src\hotspot\src\share\vm\prims\jni.cpp, line 711]

Events (10 events):
Event: 185054.706 Executing VM operation: RevokeBias done
Event: 185054.706 Executing VM operation: RevokeBias
Event: 185054.706 Executing VM operation: RevokeBias done
Event: 185054.706 Executing VM operation: RevokeBias
Event: 185054.706 Executing VM operation: RevokeBias done
Event: 185054.706 Executing VM operation: RevokeBias
Event: 185054.706 Executing VM operation: RevokeBias done
Event: 185054.706 Executing VM operation: RevokeBias
Event: 185054.706 Executing VM operation: RevokeBias done
Event: 185054.706 Executing VM operation: RevokeBias


Dynamic libraries:
0x00007ff69f460000 - 0x00007ff69f49a000 	C:\Program Files\Eclipse Adoptium\jdk-8.0.312.7-hotspot\bin\java.exe
0x00007ffbdfe70000 - 0x00007ffbe0065000 	C:\WINDOWS\SYSTEM32\ntdll.dll
0x00007ffbdfaf0000 - 0x00007ffbdfbae000 	C:\WINDOWS\System32\KERNEL32.DLL
0x00007ffbdda40000 - 0x00007ffbddd08000 	C:\WINDOWS\System32\KERNELBASE.dll
0x00007ffbddf50000 - 0x00007ffbddffc000 	C:\WINDOWS\System32\ADVAPI32.dll
0x00007ffbdef00000 - 0x00007ffbdef9e000 	C:\WINDOWS\System32\msvcrt.dll
0x00007ffbde020000 - 0x00007ffbde0bb000 	C:\WINDOWS\System32\sechost.dll
0x00007ffbde530000 - 0x00007ffbde65a000 	C:\WINDOWS\System32\RPCRT4.dll
0x00007ffbdf530000 - 0x00007ffbdf6d1000 	C:\WINDOWS\System32\USER32.dll
0x00007ffbdd740000 - 0x00007ffbdd762000 	C:\WINDOWS\System32\win32u.dll
0x00007ffbdf500000 - 0x00007ffbdf52b000 	C:\WINDOWS\System32\GDI32.dll
0x00007ffbdd630000 - 0x00007ffbdd73b000 	C:\WINDOWS\System32\gdi32full.dll
0x00007ffbdd590000 - 0x00007ffbdd62d000 	C:\WINDOWS\System32\msvcp_win.dll
0x00007ffbdddc0000 - 0x00007ffbddec0000 	C:\WINDOWS\System32\ucrtbase.dll
0x00007ffbd1950000 - 0x00007ffbd1bea000 	C:\WINDOWS\WinSxS\amd64_microsoft.windows.common-controls_6595b64144ccf1df_6.0.19041.1110_none_60b5254171f9507e\COMCTL32.dll
0x00007ffbde0c0000 - 0x00007ffbde0f0000 	C:\WINDOWS\System32\IMM32.DLL
0x00007ffbb26a0000 - 0x00007ffbb278f000 	C:\Program Files\Eclipse Adoptium\jdk-8.0.312.7-hotspot\jre\bin\msvcr120.dll
0x00007ffbb2210000 - 0x00007ffbb22b6000 	C:\Program Files\Eclipse Adoptium\jdk-8.0.312.7-hotspot\jre\bin\msvcp120.dll
0x0000000051880000 - 0x00000000520eb000 	C:\Program Files\Eclipse Adoptium\jdk-8.0.312.7-hotspot\jre\bin\server\jvm.dll
0x00007ffbdfbb0000 - 0x00007ffbdfbb8000 	C:\WINDOWS\System32\PSAPI.DLL
0x00007ffbd0e20000 - 0x00007ffbd0e47000 	C:\WINDOWS\SYSTEM32\WINMM.dll
0x00007ffb9c6a0000 - 0x00007ffb9c6a9000 	C:\WINDOWS\SYSTEM32\WSOCK32.dll
0x00007ffbd78e0000 - 0x00007ffbd78ea000 	C:\WINDOWS\SYSTEM32\VERSION.dll
0x00007ffbdee90000 - 0x00007ffbdeefb000 	C:\WINDOWS\System32\WS2_32.dll
0x00007ffbd94a0000 - 0x00007ffbd94af000 	C:\Program Files\Eclipse Adoptium\jdk-8.0.312.7-hotspot\jre\bin\verify.dll
0x00007ffbd2720000 - 0x00007ffbd2749000 	C:\Program Files\Eclipse Adoptium\jdk-8.0.312.7-hotspot\jre\bin\java.dll
0x00007ffbd26f0000 - 0x00007ffbd271a000 	C:\Program Files\Eclipse Adoptium\jdk-8.0.312.7-hotspot\jre\bin\instrument.dll
0x00007ffbd93c0000 - 0x00007ffbd93d6000 	C:\Program Files\Eclipse Adoptium\jdk-8.0.312.7-hotspot\jre\bin\zip.dll
0x00007ffbde730000 - 0x00007ffbdee6f000 	C:\WINDOWS\System32\SHELL32.dll
0x00007ffbdb6b0000 - 0x00007ffbdbe40000 	C:\WINDOWS\SYSTEM32\windows.storage.dll
0x00007ffbdf6e0000 - 0x00007ffbdfa35000 	C:\WINDOWS\System32\combase.dll
0x00007ffbdcfe0000 - 0x00007ffbdd00e000 	C:\WINDOWS\SYSTEM32\Wldp.dll
0x00007ffbde350000 - 0x00007ffbde3fd000 	C:\WINDOWS\System32\SHCORE.dll
0x00007ffbde210000 - 0x00007ffbde265000 	C:\WINDOWS\System32\shlwapi.dll
0x00007ffbdd4d0000 - 0x00007ffbdd4ef000 	C:\WINDOWS\SYSTEM32\profapi.dll
0x00007ffbd1540000 - 0x00007ffbd155a000 	C:\Program Files\JetBrains\IntelliJ IDEA 2021.1.2\bin\breakgen64.dll
0x00007ffbd4130000 - 0x00007ffbd414a000 	C:\Program Files\Eclipse Adoptium\jdk-8.0.312.7-hotspot\jre\bin\net.dll
0x00007ffbdcd40000 - 0x00007ffbdcdaa000 	C:\WINDOWS\system32\mswsock.dll
0x00007ffbdca20000 - 0x00007ffbdcaeb000 	C:\WINDOWS\SYSTEM32\DNSAPI.dll
0x00007ffbdc9e0000 - 0x00007ffbdca1b000 	C:\WINDOWS\SYSTEM32\IPHLPAPI.DLL
0x00007ffbde000000 - 0x00007ffbde008000 	C:\WINDOWS\System32\NSI.dll
0x00000000520f0000 - 0x0000000052116000 	C:\Program Files\Bonjour\mdnsNSP.dll
0x00007ffbd7040000 - 0x00007ffbd704a000 	C:\Windows\System32\rasadhlp.dll
0x00007ffbd68b0000 - 0x00007ffbd692f000 	C:\WINDOWS\System32\fwpuclnt.dll
0x00007ffbdd770000 - 0x00007ffbdd797000 	C:\WINDOWS\System32\bcrypt.dll
0x00007ffbd9490000 - 0x00007ffbd949d000 	C:\Program Files\Eclipse Adoptium\jdk-8.0.312.7-hotspot\jre\bin\management.dll
0x00007ffbd1560000 - 0x00007ffbd1572000 	C:\Program Files\Eclipse Adoptium\jdk-8.0.312.7-hotspot\jre\bin\nio.dll
0x00007ffbdcf40000 - 0x00007ffbdcf58000 	C:\WINDOWS\SYSTEM32\CRYPTSP.dll
0x00007ffbdc650000 - 0x00007ffbdc684000 	C:\WINDOWS\system32\rsaenh.dll
0x00007ffbdd490000 - 0x00007ffbdd4be000 	C:\WINDOWS\SYSTEM32\USERENV.dll
0x00007ffbdd7a0000 - 0x00007ffbdd823000 	C:\WINDOWS\System32\bcryptprimitives.dll
0x00007ffbdcf30000 - 0x00007ffbdcf3c000 	C:\WINDOWS\SYSTEM32\CRYPTBASE.dll
0x00007ffbd78f0000 - 0x00007ffbd7907000 	C:\WINDOWS\SYSTEM32\dhcpcsvc6.DLL
0x00007ffbd7750000 - 0x00007ffbd776d000 	C:\WINDOWS\SYSTEM32\dhcpcsvc.DLL
0x00007ffbce0d0000 - 0x00007ffbce0e7000 	C:\WINDOWS\system32\napinsp.dll
0x00007ffbce0b0000 - 0x00007ffbce0cb000 	C:\WINDOWS\system32\pnrpnsp.dll
0x00007ffbd9330000 - 0x00007ffbd934d000 	C:\WINDOWS\system32\NLAapi.dll
0x00007ffbd7fa0000 - 0x00007ffbd7fb5000 	C:\WINDOWS\system32\wshbth.dll
0x00007ffbce090000 - 0x00007ffbce0a2000 	C:\WINDOWS\System32\winrnr.dll
0x00007ffbcbfd0000 - 0x00007ffbcbff3000 	C:\Program Files\Eclipse Adoptium\jdk-8.0.312.7-hotspot\jre\bin\sunec.dll
0x00007ffbd93a0000 - 0x00007ffbd93ac000 	C:\Program Files\Eclipse Adoptium\jdk-8.0.312.7-hotspot\jre\bin\sunmscapi.dll
0x00007ffbdd880000 - 0x00007ffbdd9d6000 	C:\WINDOWS\System32\CRYPT32.dll
0x00007ffbdd050000 - 0x00007ffbdd077000 	C:\WINDOWS\SYSTEM32\ncrypt.dll
0x00007ffbdd010000 - 0x00007ffbdd04b000 	C:\WINDOWS\SYSTEM32\NTASN1.dll
0x00007ffb44c40000 - 0x00007ffb467c9000 	C:\Users\mountainINblack\AppData\Local\Temp\ortools-java5891987228579630310\win32-x86-64\jniortools.dll
0x00007ffbd2240000 - 0x00007ffbd22d1000 	C:\WINDOWS\SYSTEM32\MSVCP140.dll
0x00007ffbd2480000 - 0x00007ffbd2499000 	C:\WINDOWS\SYSTEM32\VCRUNTIME140.dll
0x00007ffbd3720000 - 0x00007ffbd372c000 	C:\WINDOWS\SYSTEM32\VCRUNTIME140_1.dll
0x00007ffbd1eb0000 - 0x00007ffbd2094000 	C:\WINDOWS\SYSTEM32\dbghelp.dll

VM Arguments:
jvm_args: -XX:TieredStopAtLevel=1 -Xverify:none -Dspring.output.ansi.enabled=always -javaagent:C:\Program Files\JetBrains\IntelliJ IDEA 2021.1.2\lib\idea_rt.jar=51811:C:\Program Files\JetBrains\IntelliJ IDEA 2021.1.2\bin -Dcom.sun.management.jmxremote -Dspring.jmx.enabled=true -Dspring.liveBeansView.mbeanDomain -Dspring.application.admin.enabled=true -Dfile.encoding=UTF-8 
java_command: com.mountain.MountainApplication
java_class_path (initial): C:\Program Files\Eclipse Adoptium\jdk-8.0.312.7-hotspot\jre\lib\charsets.jar;C:\Program Files\Eclipse Adoptium\jdk-8.0.312.7-hotspot\jre\lib\ext\access-bridge-64.jar;C:\Program Files\Eclipse Adoptium\jdk-8.0.312.7-hotspot\jre\lib\ext\cldrdata.jar;C:\Program Files\Eclipse Adoptium\jdk-8.0.312.7-hotspot\jre\lib\ext\dnsns.jar;C:\Program Files\Eclipse Adoptium\jdk-8.0.312.7-hotspot\jre\lib\ext\jaccess.jar;C:\Program Files\Eclipse Adoptium\jdk-8.0.312.7-hotspot\jre\lib\ext\localedata.jar;C:\Program Files\Eclipse Adoptium\jdk-8.0.312.7-hotspot\jre\lib\ext\nashorn.jar;C:\Program Files\Eclipse Adoptium\jdk-8.0.312.7-hotspot\jre\lib\ext\sunec.jar;C:\Program Files\Eclipse Adoptium\jdk-8.0.312.7-hotspot\jre\lib\ext\sunjce_provider.jar;C:\Program Files\Eclipse Adoptium\jdk-8.0.312.7-hotspot\jre\lib\ext\sunmscapi.jar;C:\Program Files\Eclipse Adoptium\jdk-8.0.312.7-hotspot\jre\lib\ext\sunpkcs11.jar;C:\Program Files\Eclipse Adoptium\jdk-8.0.312.7-hotspot\jre\lib\ext\zipfs.jar;C:\Program Files\Eclipse Adoptium\jdk-8.0.312.7-hotspot\jre\lib\jce.jar;C:\Program Files\Eclipse Adoptium\jdk-8.0.312.7-hotspot\jre\lib\jfr.jar;C:\Program Files\Eclipse Adoptium\jdk-8.0.312.7-hotspot\jre\lib\jsse.jar;C:\Program Files\Eclipse Adoptium\jdk-8.0.312.7-hotspot\jre\lib\management-agent.jar;C:\Program Files\Eclipse Adoptium\jdk-8.0.312.7-hotspot\jre\lib\resources.jar;C:\Program Files\Eclipse Adoptium\jdk-8.0.312.7-hotspot\jre\lib\rt.jar;F:\WebProject\Mountain\target\classes;D:\Program Files\Maven\Repository\org\springframework\boot\spring-boot-starter-web\2.4.5\spring-boot-starter-web-2.4.5.jar;D:\Program Files\Maven\Repository\org\springframework\boot\spring-boot-starter\2.4.5\spring-boot-starter-2.4.5.jar;D:\Program Files\Maven\Repository\org\springframework\boot\spring-boot\2.4.5\spring-boot-2.4.5.jar;D:\Program Files\Maven\Repository\org\springframework\boot\spring-boot-starter-logging\2.4.5\spring-boot-starter-logging-2.4.5.jar;D:\Program Files\Maven\Repository\ch\q
Launcher Type: SUN_STANDARD

Environment Variables:
JAVA_HOME=C:\Program Files\Java\jdk1.8.0_144
PATH=C:\Program Files\Eclipse Adoptium\jdk-8.0.312.7-hotspot\bin;C:\Program Files\Eclipse Foundation\jdk-11.0.12.7-hotspot\bin;D:\ProgramData\Anaconda3;D:\ProgramData\Anaconda3\Library\mingw-w64\bin;D:\ProgramData\Anaconda3\Library\usr\bin;D:\ProgramData\Anaconda3\Library\bin;D:\ProgramData\Anaconda3\Scripts;D:\Program Files\Python38\Scripts\;D:\Program Files\Python38\;D:\Program Files (x86)\VMware\VMware Workstation\bin\;C:\Program Files (x86)\Common Files\Oracle\Java\javapath;C:\ProgramData\Oracle\Java\javapath;C:\WINDOWS\system32;C:\WINDOWS;C:\WINDOWS\System32\Wbem;C:\WINDOWS\System32\WindowsPowerShell\v1.0\;C:\WINDOWS\System32\OpenSSH\;D:\Program Files\Maven\apache-maven-3.8.1\bin;C:\Program Files\MySQL\MySQL Server 8.0\bin;C:\Program Files\Java\jdk1.8.0_144\bin;D:\Program Files\Python38;D:\Program Files\nodejs\;C:\Program Files (x86)\NetSarang\Xshell 7\;C:\MinGW\bin;C:\Program Files\Git\cmd;C:\Program Files\MySQL\MySQL Shell 8.0\bin\;C:\Users\mountainINblack\AppData\Local\Microsoft\WindowsApps;;C:\Program Files\JetBrains\IntelliJ IDEA 2021.1.2\bin;;C:\Program Files\JetBrains\WebStorm 2021.1.3\bin;;C:\Users\mountainINblack\AppData\Roaming\npm;D:\Program Files\JetBrains\PyCharm 2021.2.1\bin;;C:\Users\mountainINblack\AppData\Local\Programs\Microsoft VS Code\bin
USERNAME=mountainINblack
OS=Windows_NT
PROCESSOR_IDENTIFIER=Intel64 Family 6 Model 165 Stepping 5, GenuineIntel



---------------  S Y S T E M  ---------------

OS: Windows 10.0 , 64 bit Build 19041 (10.0.19041.1348)

CPU:total 16 (initial active 16) (8 cores per cpu, 2 threads per core) family 6 model 165 stepping 5, cmov, cx8, fxsr, mmx, sse, sse2, sse3, ssse3, sse4.1, sse4.2, popcnt, avx, avx2, aes, clmul, erms, 3dnowpref, lzcnt, ht, tsc, tscinvbit, bmi1, bmi2, adx

Memory: 4k page, physical 33474576k(15046456k free), swap 44534316k(6066656k free)

vm_info: OpenJDK 64-Bit Server VM (25.312-b07) for windows-amd64 JRE (1.8.0_312-b07), built on Oct 19 2021 15:47:56 by "jenkins" with MS VC++ 12.0 (VS2013)

time: Tue Dec 07 21:26:44 2021
timezone: ?D1¨²¡À¨º¡Á?¨º¡À??
elapsed time: 185054.721484 seconds (2d 3h 24m 14s)

